1000 38 25000 5.0 50 50
0 1
1 17
2 25
3 15
4 33
5 28
6 10
7 26
8 2
9 8
10 31
11 24
12 27
13 5
14 19
15 9
16 11
17 3
18 35
19 32
20 29
21 14
22 18
23 6
24 13
25 7
26 30
27 4
28 1
29 20
30 33
31 12
32 23
33 21
34 22
35 10
36 31
37 24
38 8
39 5
40 16
41 2
42 28
43 15
44 9
45 11
46 3
47 17
48 19
49 26
50 34
51 29
52 25
53 7
54 18
55 20
56 6
57 14
58 32
59 33
60 21
61 12
62 10
63 24
64 31
65 5
66 27
67 16
68 13
69 2
70 4
71 22
72 23
73 8
74 17
75 30
76 1
77 26
78 9
79 7
80 11
81 28
82 15
83 14
84 29
85 19
86 20
87 12
88 21
89 24
90 6
91 25
92 36
93 5
94 3
95 18
96 35
97 2
98 27
99 4
100 10
101 34
102 23
103 30
104 9
105 26
106 31
107 1
108 16
109 8
110 13
111 7
112 14
113 32
114 33
115 22
116 6
117 29
118 21
119 20
120 24
121 11
122 18
123 5
124 17
125 12
126 27
127 3
128 15
129 23
130 35
131 19
132 25
133 10
134 16
135 28
136 36
137 34
138 8
139 13
140 1
141 2
142 6
143 31
144 4
145 9
146 26
147 14
148 18
149 20
150 21
151 29
152 12
153 24
154 30
155 5
156 17
157 11
158 25
159 22
160 10
161 7
162 27
163 3
164 8
165 19
166 34
167 28
168 15
169 23
170 16
171 13
172 4
173 9
174 26
175 20
176 32
177 33
178 2
179 6
180 18
181 1
182 5
183 21
184 30
185 29
186 10
187 31
188 35
189 24
190 12
191 11
192 17
193 3
194 28
195 19
196 23
197 14
198 22
199 13
200 26
201 4
202 7
203 25
204 27
205 6
206 18
207 20
208 9
209 2
210 8
211 15
212 21
213 10
214 30
215 29
216 24
217 1
218 31
219 16
220 11
221 32
222 23
223 19
224 3
225 13
226 5
227 12
228 26
229 22
230 34
231 17
232 6
233 7
234 9
235 4
236 28
237 25
238 18
239 15
240 8
241 10
242 20
243 29
244 33
245 24
246 16
247 14
248 21
249 2
250 27
251 19
252 11
253 13
254 30
255 22
256 35
257 32
258 12
259 3
260 1
261 4
262 23
263 28
264 9
265 25
266 6
267 31
268 26
269 7
270 20
271 5
272 15
273 14
274 33
275 18
276 10
277 2
278 21
279 17
280 16
281 34
282 35
283 13
284 22
285 3
286 30
287 29
288 24
289 8
290 12
291 4
292 32
293 28
294 9
295 23
296 20
297 19
298 31
299 14
300 36
301 18
302 11
303 6
304 15
305 1
306 27
307 21
308 10
309 26
310 37
311 3
312 5
313 35
314 16
315 7
316 13
317 25
318 29
319 22
320 24
321 12
322 33
323 19
324 28
325 2
326 14
327 20
328 9
329 17
330 8
331 6
332 11
333 34
334 27
335 4
336 31
337 18
338 30
339 21
340 10
341 23
342 5
343 32
344 15
345 13
346 16
347 7
348 1
349 19
350 24
351 25
352 3
353 22
354 20
355 17
356 8
357 26
358 29
359 28
360 12
361 11
362 31
363 6
364 35
365 21
366 14
367 18
368 27
369 23
370 2
371 10
372 9
373 16
374 13
375 34
376 30
377 19
378 3
379 4
380 32
381 15
382 20
383 8
384 33
385 36
386 28
387 17
388 5
389 24
390 6
391 1
392 29
393 31
394 7
395 27
396 2
397 10
398 23
399 16
400 11
401 26
402 25
403 22
404 3
405 12
406 18
407 15
408 32
409 34
410 19
411 8
412 33
413 28
414 21
415 14
416 20
417 5
418 17
419 9
420 24
421 30
422 4
423 13
424 23
425 27
426 7
427 16
428 2
429 26
430 11
431 6
432 1
433 18
434 12
435 15
436 25
437 8
438 19
439 22
440 31
441 21
442 29
443 10
444 20
445 32
446 9
447 17
448 30
449 24
450 4
451 13
452 27
453 23
454 16
455 3
456 28
457 14
458 26
459 18
460 34
461 33
462 2
463 12
464 7
465 5
466 19
467 31
468 25
469 29
470 10
471 1
472 8
473 11
474 21
475 32
476 24
477 35
478 6
479 22
480 16
481 9
482 15
483 13
484 14
485 20
486 28
487 18
488 17
489 12
490 26
491 5
492 19
493 3
494 4
495 27
496 30
497 31
498 1
499 11
500 21
501 32
502 24
503 2
504 25
505 6
506 10
507 29
508 15
509 23
510 16
511 7
512 28
513 18
514 20
515 9
516 8
517 12
518 19
519 5
520 13
521 14
522 22
523 17
524 26
525 35
526 31
527 1
528 34
529 24
530 11
531 33
532 3
533 10
534 4
535 23
536 27
537 15
538 21
539 2
540 6
541 28
542 9
543 8
544 25
545 16
546 5
547 13
548 30
549 22
550 32
551 18
552 12
553 7
554 31
555 26
556 11
557 14
558 1
559 10
560 4
561 19
562 27
563 20
564 3
565 24
566 15
567 23
568 9
569 8
570 34
571 29
572 17
573 6
574 5
575 13
576 22
577 16
578 30
579 2
580 33
581 12
582 11
583 18
584 14
585 1
586 32
587 4
588 21
589 28
590 26
591 3
592 27
593 7
594 31
595 25
596 23
597 19
598 15
599 29
600 17
601 20
602 22
603 10
604 35
605 2
606 5
607 8
608 24
609 33
610 16
611 34
612 11
613 12
614 30
615 28
616 13
617 26
618 9
619 7
620 27
621 1
622 4
623 14
624 6
625 19
626 23
627 36
628 31
629 10
630 22
631 35
632 20
633 15
634 18
635 17
636 21
637 29
638 8
639 11
640 3
641 24
642 2
643 30
644 32
645 9
646 28
647 27
648 7
649 12
650 25
651 19
652 6
653 1
654 36
655 5
656 33
657 16
658 35
659 4
660 14
661 31
662 26
663 13
664 17
665 8
666 21
667 11
668 34
669 23
670 15
671 22
672 9
673 29
674 2
675 20
676 10
677 25
678 28
679 30
680 12
681 36
682 3
683 7
684 18
685 19
686 24
687 35
688 27
689 5
690 16
691 4
692 8
693 21
694 6
695 26
696 31
697 33
698 17
699 32
700 23
701 9
702 1
703 10
704 13
705 11
706 30
707 28
708 15
709 14
710 29
711 3
712 22
713 7
714 37
715 36
716 5
717 20
718 34
719 18
720 12
721 16
722 35
723 4
724 31
725 2
726 21
727 8
728 9
729 25
730 27
731 11
732 24
733 17
734 13
735 15
736 38
737 19
738 3
739 14
740 7
741 30
742 5
743 26
744 28
745 6
746 10
747 12
748 32
749 1
750 4
751 16
752 31
753 23
754 33
755 2
756 29
757 21
758 25
759 17
760 27
761 15
762 18
763 22
764 13
765 11
766 20
767 9
768 19
769 5
770 24
771 30
772 6
773 34
774 7
775 12
776 28
777 8
778 31
779 16
780 32
781 4
782 1
783 26
784 33
785 14
786 2
787 29
788 3
789 15
790 25
791 10
792 17
793 23
794 35
795 20
796 21
797 13
798 27
799 34
800 18
801 7
802 19
803 5
804 6
805 9
806 22
807 4
808 24
809 1
810 12
811 33
812 11
813 16
814 30
815 29
816 32
817 10
818 25
819 26
820 28
821 15
822 17
823 13
824 35
825 31
826 8
827 7
828 14
829 5
830 27
831 34
832 2
833 22
834 21
835 1
836 19
837 3
838 12
839 23
840 24
841 4
842 32
843 20
844 30
845 10
846 16
847 18
848 9
849 17
850 26
851 25
852 8
853 15
854 13
855 6
856 28
857 31
858 2
859 11
860 29
861 22
862 5
863 34
864 35
865 3
866 7
867 21
868 12
869 14
870 24
871 27
872 33
873 23
874 30
875 17
876 16
877 9
878 8
879 1
880 26
881 25
882 32
883 4
884 13
885 18
886 6
887 22
888 19
889 10
890 28
891 2
892 15
893 20
894 11
895 3
896 31
897 27
898 35
899 7
900 21
901 12
902 17
903 5
904 30
905 23
906 26
907 29
908 33
909 1
910 13
911 8
912 24
913 22
914 6
915 19
916 18
917 14
918 32
919 28
920 4
921 16
922 34
923 3
924 2
925 25
926 27
927 12
928 9
929 11
930 17
931 23
932 20
933 7
934 30
935 21
936 1
937 13
938 15
939 10
940 5
941 19
942 35
943 22
944 8
945 31
946 24
947 26
948 16
949 32
950 18
951 25
952 33
953 12
954 14
955 27
956 11
957 6
958 23
959 29
960 20
961 30
962 9
963 1
964 2
965 4
966 7
967 5
968 28
969 21
970 34
971 15
972 3
973 35
974 17
975 10
976 26
977 24
978 31
979 13
980 8
981 27
982 11
983 6
984 32
985 23
986 12
987 19
988 9
989 22
990 16
991 18
992 14
993 20
994 29
995 7
996 34
997 30
998 4
999 21
