1000 338 249500 50.0 499 499
0 238
1 204
2 83
3 247
4 57
5 113
6 275
7 155
8 106
9 293
10 76
11 87
12 236
13 214
14 33
15 55
16 160
17 63
18 218
19 174
20 54
21 330
22 281
23 67
24 18
25 119
26 215
27 68
28 176
29 195
30 171
31 173
32 226
33 183
34 126
35 207
36 232
37 120
38 287
39 60
40 196
41 312
42 210
43 265
44 167
45 309
46 121
47 307
48 203
49 179
50 108
51 49
52 52
53 79
54 25
55 209
56 12
57 224
58 270
59 217
60 154
61 86
62 104
63 125
64 235
65 129
66 219
67 189
68 61
69 148
70 19
71 259
72 193
73 151
74 298
75 237
76 114
77 260
78 201
79 190
80 258
81 20
82 88
83 110
84 45
85 65
86 180
87 142
88 29
89 97
90 81
91 3
92 1
93 59
94 261
95 16
96 58
97 244
98 56
99 47
100 156
101 139
102 308
103 285
104 62
105 295
106 102
107 133
108 254
109 34
110 82
111 303
112 257
113 284
114 231
115 278
116 9
117 99
118 185
119 289
120 38
121 17
122 246
123 75
124 10
125 23
126 8
127 245
128 269
129 229
130 32
131 111
132 326
133 328
134 320
135 96
136 150
137 92
138 43
139 266
140 321
141 300
142 132
143 123
144 101
145 22
146 24
147 162
148 282
149 51
150 332
151 4
152 84
153 103
154 53
155 2
156 27
157 305
158 138
159 212
160 272
161 15
162 159
163 314
164 256
165 239
166 166
167 93
168 200
169 187
170 184
171 310
172 70
173 158
174 71
175 122
176 250
177 85
178 152
179 107
180 221
181 157
182 302
183 253
184 31
185 170
186 271
187 241
188 318
189 276
190 98
191 192
192 48
193 64
194 44
195 37
196 74
197 42
198 105
199 297
200 213
201 117
202 116
203 329
204 177
205 35
206 208
207 338
208 205
209 280
210 30
211 21
212 100
213 336
214 72
215 13
216 211
217 90
218 249
219 6
220 240
221 118
222 319
223 268
224 315
225 251
226 311
227 228
228 294
229 335
230 248
231 223
232 163
233 181
234 301
235 252
236 14
237 327
238 136
239 161
240 264
241 135
242 233
243 50
244 5
245 41
246 46
247 77
248 80
249 263
250 66
251 324
252 91
253 172
254 112
255 299
256 26
257 188
258 28
259 242
260 149
261 134
262 78
263 127
264 220
265 216
266 286
267 57
268 222
269 69
270 109
271 94
272 168
273 277
274 197
275 317
276 247
277 169
278 194
279 153
280 227
281 68
282 198
283 119
284 11
285 89
286 226
287 40
288 267
289 191
290 165
291 87
292 225
293 141
294 155
295 186
296 283
297 130
298 293
299 167
300 238
301 296
302 274
303 83
304 273
305 39
306 313
307 144
308 79
309 290
310 7
311 126
312 255
313 33
314 95
315 52
316 145
317 196
318 108
319 115
320 215
321 234
322 143
323 291
324 129
325 164
326 262
327 199
328 224
329 60
330 106
331 281
332 193
333 201
334 18
335 275
336 190
337 218
338 76
339 235
340 307
341 104
342 88
343 148
344 20
345 173
346 292
347 73
348 214
349 306
350 3
351 207
352 56
353 175
354 81
355 304
356 270
357 279
358 265
359 232
360 151
361 36
362 202
363 236
364 97
365 254
366 139
367 284
368 237
369 16
370 29
371 322
372 65
373 230
374 258
375 23
376 210
377 147
378 128
379 331
380 312
381 113
382 47
383 154
384 102
385 309
386 86
387 330
388 295
389 308
390 204
391 140
392 243
393 131
394 245
395 62
396 1
397 146
398 63
399 124
400 160
401 4
402 120
403 328
404 43
405 209
406 244
407 27
408 101
409 182
410 123
411 189
412 12
413 75
414 203
415 314
416 325
417 34
418 137
419 51
420 266
421 174
422 45
423 32
424 22
425 298
426 206
427 15
428 121
429 278
430 178
431 71
432 334
433 159
434 316
435 229
436 219
437 125
438 38
439 305
440 320
441 200
442 318
443 323
444 180
445 24
446 195
447 217
448 256
449 337
450 276
451 250
452 37
453 110
454 92
455 333
456 132
457 269
458 287
459 59
460 54
461 246
462 122
463 329
464 116
465 212
466 288
467 2
468 100
469 257
470 239
471 98
472 90
473 93
474 118
475 231
476 211
477 42
478 49
479 96
480 17
481 8
482 332
483 111
484 171
485 67
486 107
487 183
488 205
489 310
490 133
491 251
492 53
493 135
494 208
495 142
496 166
497 260
498 70
499 228
500 41
501 13
502 114
503 268
504 14
505 55
506 138
507 213
508 187
509 252
510 326
511 249
512 162
513 327
514 136
515 253
516 289
517 82
518 264
519 84
520 321
521 19
522 134
523 176
524 127
525 216
526 109
527 85
528 185
529 26
530 163
531 285
532 78
533 105
534 300
535 64
536 156
537 179
538 25
539 61
540 9
541 10
542 198
543 40
544 221
545 117
546 184
547 282
548 267
549 141
550 277
551 286
552 303
553 66
554 58
555 168
556 301
557 57
558 11
559 28
560 99
561 242
562 150
563 259
564 161
565 144
566 274
567 261
568 297
569 255
570 215
571 177
572 79
573 158
574 196
575 302
576 336
577 30
578 89
579 31
580 197
581 46
582 143
583 44
584 313
585 272
586 103
587 324
588 241
589 283
590 91
591 181
592 165
593 172
594 39
595 18
596 20
597 87
598 76
599 48
600 170
601 153
602 152
603 223
604 271
605 234
606 115
607 273
608 106
609 319
610 299
611 317
612 291
613 335
614 307
615 21
616 73
617 80
618 279
619 199
620 7
621 29
622 294
623 104
624 52
625 222
626 119
627 83
628 147
629 284
630 233
631 226
632 331
633 5
634 74
635 309
636 230
637 33
638 6
639 60
640 95
641 72
642 214
643 315
644 306
645 16
646 68
647 69
648 140
649 81
650 124
651 304
652 186
653 86
654 164
655 292
656 280
657 330
658 43
659 192
660 77
661 131
662 248
663 97
664 56
665 120
666 220
667 62
668 27
669 35
670 210
671 322
672 157
673 247
674 51
675 146
676 227
677 266
678 50
679 182
680 101
681 293
682 290
683 308
684 63
685 202
686 206
687 262
688 88
689 94
690 128
691 298
692 12
693 188
694 178
695 191
696 36
697 112
698 1
699 145
700 65
701 173
702 137
703 296
704 240
705 71
706 23
707 175
708 37
709 155
710 194
711 195
712 59
713 92
714 263
715 24
716 225
717 130
718 243
719 193
720 149
721 169
722 314
723 275
724 54
725 45
726 288
727 238
728 32
729 311
730 17
731 126
732 125
733 47
734 269
735 207
736 34
737 148
738 257
739 236
740 232
741 281
742 229
743 53
744 151
745 183
746 265
747 142
748 171
749 203
750 270
751 204
752 67
753 113
754 49
755 218
756 189
757 160
758 305
759 287
760 295
761 55
762 251
763 3
764 121
765 224
766 174
767 278
768 41
769 114
770 237
771 93
772 244
773 111
774 154
775 167
776 129
777 176
778 70
779 108
780 312
781 260
782 264
783 19
784 14
785 256
786 82
787 246
788 8
789 133
790 209
791 9
792 219
793 25
794 179
795 320
796 228
797 258
798 328
799 250
800 134
801 166
802 110
803 217
804 318
805 102
806 90
807 2
808 78
809 235
810 303
811 42
812 61
813 332
814 213
815 156
816 212
817 107
818 58
819 239
820 144
821 259
822 4
823 274
824 190
825 201
826 150
827 180
828 286
829 216
830 285
831 64
832 276
833 261
834 289
835 297
836 252
837 277
838 75
839 200
840 138
841 139
842 118
843 96
844 254
845 103
846 38
847 231
848 117
849 168
850 313
851 185
852 127
853 282
854 10
855 46
856 152
857 326
858 163
859 31
860 135
861 245
862 271
863 253
864 310
865 223
866 99
867 84
868 268
869 242
870 170
871 161
872 158
873 199
874 302
875 234
876 165
877 123
878 132
879 159
880 300
881 73
882 162
883 294
884 116
885 283
886 15
887 279
888 221
889 22
890 321
891 98
892 272
893 241
894 197
895 85
896 222
897 39
898 187
899 301
900 184
901 327
902 299
903 147
904 95
905 109
906 136
907 141
908 40
909 325
910 72
911 192
912 122
913 124
914 26
915 280
916 21
917 205
918 198
919 13
920 153
921 177
922 143
923 233
924 44
925 100
926 131
927 273
928 48
929 157
930 69
931 105
932 181
933 255
934 227
935 331
936 77
937 230
938 323
939 28
940 206
941 262
942 315
943 74
944 249
945 35
946 140
947 146
948 329
949 6
950 11
951 128
952 208
953 112
954 145
955 202
956 319
957 267
958 80
959 172
960 30
961 240
962 36
963 191
964 211
965 164
966 317
967 263
968 94
969 322
970 220
971 186
972 7
973 182
974 188
975 149
976 306
977 115
978 248
979 243
980 291
981 304
982 225
983 91
984 175
985 288
986 89
987 5
988 296
989 292
990 50
991 316
992 178
993 194
994 130
995 169
996 324
997 66
998 290
999 137
