1000 337 249500 50.0 499 499
0 98
1 302
2 11
3 266
4 178
5 115
6 9
7 327
8 108
9 214
10 8
11 117
12 153
13 257
14 101
15 323
16 184
17 285
18 281
19 122
20 22
21 293
22 137
23 13
24 17
25 42
26 272
27 220
28 205
29 289
30 291
31 145
32 64
33 208
34 262
35 232
36 139
37 12
38 89
39 10
40 126
41 133
42 303
43 288
44 312
45 127
46 179
47 212
48 47
49 28
50 147
51 333
52 2
53 141
54 18
55 298
56 112
57 114
58 148
59 292
60 318
61 138
62 252
63 197
64 267
65 93
66 304
67 166
68 45
69 282
70 90
71 229
72 1
73 154
74 33
75 307
76 294
77 164
78 223
79 20
80 195
81 76
82 158
83 217
84 328
85 30
86 301
87 58
88 221
89 123
90 69
91 213
92 290
93 37
94 200
95 167
96 79
97 204
98 315
99 190
100 55
101 109
102 241
103 111
104 278
105 253
106 247
107 189
108 168
109 24
110 105
111 104
112 236
113 94
114 243
115 237
116 29
117 150
118 88
119 244
120 80
121 163
122 183
123 6
124 225
125 210
126 245
127 100
128 277
129 86
130 286
131 99
132 131
133 305
134 316
135 36
136 66
137 116
138 14
139 52
140 216
141 249
142 96
143 180
144 284
145 25
146 240
147 176
148 321
149 265
150 203
151 68
152 287
153 49
154 128
155 228
156 83
157 102
158 5
159 92
160 54
161 53
162 106
163 264
164 260
165 222
166 44
167 59
168 23
169 325
170 70
171 276
172 156
173 194
174 218
175 297
176 165
177 84
178 73
179 162
180 187
181 129
182 250
183 227
184 121
185 74
186 280
187 27
188 274
189 261
190 142
191 313
192 224
193 231
194 254
195 48
196 171
197 16
198 283
199 3
200 207
201 322
202 87
203 326
204 258
205 118
206 75
207 119
208 317
209 198
210 124
211 182
212 192
213 31
214 143
215 211
216 149
217 97
218 146
219 273
220 251
221 7
222 299
223 295
224 152
225 135
226 63
227 60
228 67
229 78
230 172
231 219
232 57
233 85
234 43
235 256
236 91
237 125
238 15
239 300
240 311
241 238
242 65
243 160
244 209
245 82
246 279
247 185
248 201
249 46
250 174
251 314
252 62
253 19
254 199
255 161
256 134
257 169
258 144
259 157
260 177
261 115
262 130
263 51
264 196
265 26
266 268
267 306
268 41
269 191
270 38
271 226
272 34
273 293
274 56
275 120
276 323
277 271
278 246
279 50
280 39
281 122
282 235
283 255
284 188
285 72
286 137
287 159
288 136
289 61
290 155
291 309
292 153
293 178
294 205
295 77
296 40
297 303
298 275
299 186
300 308
301 8
302 234
303 95
304 312
305 179
306 64
307 202
308 302
309 242
310 215
311 22
312 310
313 206
314 140
315 28
316 233
317 71
318 113
319 45
320 107
321 282
322 139
323 330
324 166
325 229
326 33
327 331
328 263
329 181
330 81
331 154
332 21
333 320
334 32
335 164
336 47
337 195
338 148
339 257
340 291
341 101
342 269
343 12
344 147
345 318
346 259
347 98
348 170
349 58
350 138
351 328
352 333
353 127
354 2
355 35
356 114
357 221
358 252
359 204
360 241
361 184
362 190
363 141
364 89
365 90
366 133
367 150
368 132
369 145
370 80
371 232
372 239
373 248
374 225
375 4
376 319
377 278
378 294
379 76
380 55
381 1
382 117
383 20
384 42
385 267
386 183
387 66
388 197
389 86
390 52
391 13
392 30
393 281
394 332
395 103
396 284
397 69
398 158
399 6
400 253
401 277
402 110
403 285
404 236
405 180
406 25
407 168
408 49
409 151
410 68
411 307
412 175
413 108
414 83
415 304
416 193
417 286
418 173
419 37
420 316
421 270
422 249
423 126
424 10
425 194
426 327
427 208
428 213
429 245
430 214
431 100
432 301
433 162
434 292
435 325
436 266
437 104
438 220
439 17
440 315
441 210
442 123
443 218
444 9
445 11
446 29
447 36
448 230
449 163
450 207
451 59
452 74
453 16
454 171
455 94
456 212
457 93
458 231
459 280
460 258
461 116
462 272
463 200
464 244
465 131
466 73
467 276
468 44
469 262
470 146
471 198
472 296
473 247
474 152
475 14
476 317
477 203
478 96
479 289
480 176
481 111
482 48
483 3
484 129
485 79
486 223
487 75
488 143
489 54
490 264
491 182
492 135
493 165
494 142
495 156
496 85
497 5
498 149
499 185
500 112
501 105
502 167
503 322
504 243
505 161
506 321
507 326
508 189
509 18
510 334
511 109
512 209
513 228
514 238
515 314
516 26
517 201
518 118
519 102
520 128
521 305
522 283
523 290
524 226
525 174
526 288
527 329
528 160
529 237
530 41
531 311
532 199
533 53
534 337
535 265
536 217
537 124
538 119
539 336
540 87
541 335
542 99
543 287
544 298
545 57
546 60
547 50
548 88
549 260
550 177
551 192
552 134
553 251
554 187
555 216
556 255
557 186
558 130
559 295
560 19
561 67
562 46
563 215
564 39
565 274
566 324
567 219
568 306
569 308
570 140
571 7
572 84
573 268
574 282
575 188
576 256
577 24
578 120
579 205
580 275
581 263
582 261
583 27
584 254
585 227
586 31
587 97
588 15
589 257
590 77
591 122
592 240
593 309
594 172
595 38
596 195
597 206
598 70
599 259
600 269
601 234
602 246
603 331
604 202
605 229
606 291
607 233
608 222
609 159
610 297
611 21
612 330
613 127
614 121
615 235
616 2
617 65
618 279
619 150
620 242
621 224
622 181
623 302
624 63
625 225
626 273
627 8
628 90
629 310
630 71
631 12
632 106
633 191
634 145
635 184
636 196
637 92
638 95
639 300
640 239
641 319
642 98
643 211
644 293
645 91
646 125
647 232
648 56
649 23
650 169
651 62
652 81
653 113
654 285
655 252
656 221
657 76
658 197
659 25
660 4
661 236
662 43
663 35
664 248
665 241
666 193
667 250
668 13
669 155
670 294
671 320
672 103
673 313
674 312
675 173
676 147
677 40
678 190
679 72
680 316
681 323
682 136
683 132
684 270
685 37
686 34
687 175
688 299
689 286
690 307
691 78
692 100
693 253
694 144
695 183
696 80
697 266
698 230
699 133
700 178
701 168
702 204
703 166
704 20
705 214
706 82
707 61
708 194
709 107
710 271
711 51
712 117
713 245
714 9
715 281
716 110
717 164
718 17
719 10
720 212
721 94
722 101
723 163
724 170
725 171
726 126
727 315
728 44
729 153
730 114
731 317
732 11
733 1
734 200
735 6
736 64
737 47
738 14
739 267
740 83
741 157
742 32
743 208
744 42
745 115
746 292
747 296
748 162
749 137
750 247
751 165
752 86
753 301
754 108
755 220
756 55
757 276
758 289
759 161
760 89
761 138
762 284
763 272
764 105
765 303
766 22
767 328
768 182
769 118
770 29
771 102
772 26
773 278
774 176
775 322
776 109
777 262
778 18
779 179
780 185
781 318
782 28
783 93
784 333
785 3
786 139
787 141
788 160
789 123
790 142
791 217
792 288
793 30
794 223
795 244
796 209
797 96
798 58
799 52
800 264
801 53
802 124
803 112
804 148
805 119
806 158
807 69
808 213
809 189
810 45
811 104
812 156
813 33
814 167
815 304
816 74
817 48
818 177
819 326
820 67
821 334
822 290
823 154
824 174
825 131
826 280
827 99
828 277
829 79
830 57
831 16
832 274
833 60
834 216
835 128
836 24
837 243
838 140
839 261
840 129
841 237
842 226
843 265
844 146
845 68
846 186
847 210
848 116
849 111
850 335
851 234
852 15
853 88
854 309
855 227
856 275
857 149
858 87
859 305
860 134
861 27
862 36
863 249
864 49
865 70
866 308
867 121
868 287
869 31
870 240
871 258
872 198
873 222
874 63
875 66
876 187
877 283
878 59
879 219
880 228
881 199
882 321
883 172
884 231
885 73
886 191
887 5
888 84
889 180
890 92
891 19
892 75
893 192
894 239
895 54
896 203
897 325
898 319
899 143
900 106
901 255
902 188
903 21
904 85
905 260
906 218
907 279
908 151
909 23
910 251
911 273
912 254
913 207
914 297
915 7
916 77
917 310
918 43
919 330
920 135
921 38
922 250
923 196
924 39
925 35
926 173
927 306
928 130
929 202
930 95
931 224
932 56
933 201
934 97
935 155
936 256
937 41
938 235
939 65
940 175
941 269
942 81
943 263
944 169
945 299
946 78
947 270
948 336
949 230
950 215
951 211
952 314
953 50
954 246
955 72
956 103
957 4
958 34
959 159
960 125
961 295
962 324
963 332
964 193
965 113
966 248
967 152
968 110
969 107
970 51
971 71
972 91
973 238
974 242
975 136
976 40
977 311
978 206
979 337
980 181
981 46
982 170
983 120
984 329
985 268
986 331
987 300
988 233
989 82
990 62
991 61
992 144
993 32
994 132
995 320
996 259
997 157
998 271
999 296
