1000 337 249500 50.0 499 499
0 123
1 179
2 7
3 261
4 104
5 327
6 29
7 192
8 147
9 181
10 86
11 20
12 254
13 230
14 131
15 114
16 48
17 269
18 136
19 55
20 13
21 302
22 267
23 169
24 100
25 102
26 146
27 295
28 35
29 77
30 32
31 252
32 180
33 171
34 83
35 46
36 177
37 156
38 234
39 30
40 143
41 18
42 257
43 297
44 212
45 79
46 233
47 142
48 157
49 195
50 72
51 8
52 115
53 311
54 170
55 99
56 293
57 2
58 275
59 141
60 318
61 130
62 205
63 11
64 175
65 217
66 198
67 236
68 313
69 259
70 28
71 306
72 322
73 44
74 41
75 4
76 299
77 247
78 290
79 106
80 281
81 216
82 187
83 92
84 325
85 202
86 107
87 64
88 134
89 43
90 150
91 334
92 158
93 317
94 229
95 17
96 94
97 37
98 132
99 208
100 305
101 239
102 50
103 140
104 111
105 70
106 237
107 58
108 152
109 75
110 23
111 1
112 219
113 308
114 105
115 270
116 196
117 315
118 82
119 197
120 117
121 90
122 321
123 133
124 266
125 289
126 149
127 125
128 323
129 162
130 264
131 25
132 186
133 165
134 60
135 101
136 166
137 138
138 226
139 242
140 38
141 31
142 268
143 210
144 10
145 213
146 218
147 336
148 190
149 225
150 189
151 78
152 333
153 278
154 272
155 309
156 15
157 124
158 204
159 121
160 167
161 34
162 54
163 81
164 332
165 232
166 153
167 63
168 174
169 113
170 330
171 240
172 319
173 126
174 151
175 96
176 249
177 185
178 255
179 135
180 276
181 310
182 112
183 103
184 98
185 26
186 282
187 201
188 231
189 223
190 109
191 238
192 74
193 209
194 287
195 263
196 3
197 221
198 14
199 5
200 129
201 335
202 184
203 91
204 328
205 256
206 182
207 304
208 52
209 88
210 161
211 159
212 68
213 160
214 220
215 108
216 292
217 288
218 329
219 144
220 139
221 95
222 286
223 49
224 19
225 203
226 16
227 253
228 66
229 155
230 191
231 284
232 33
233 277
234 211
235 303
236 183
237 214
238 164
239 24
240 93
241 39
242 188
243 51
244 244
245 300
246 87
247 76
248 193
249 53
250 227
251 148
252 127
253 71
254 178
255 57
256 243
257 6
258 45
259 250
260 168
261 279
262 137
263 298
264 69
265 228
266 260
267 20
268 145
269 179
270 104
271 22
272 181
273 56
274 47
275 173
276 59
277 194
278 123
279 172
280 97
281 154
282 55
283 169
284 122
285 320
286 261
287 85
288 77
289 274
290 42
291 241
292 215
293 262
294 314
295 200
296 307
297 46
298 297
299 235
300 36
301 296
302 62
303 312
304 331
305 84
306 131
307 311
308 89
309 156
310 136
311 291
312 176
313 141
314 265
315 192
316 40
317 9
318 275
319 143
320 283
321 73
322 280
323 273
324 254
325 294
326 195
327 114
328 212
329 267
330 199
331 30
332 13
333 170
334 163
335 222
336 116
337 27
338 8
339 198
340 313
341 134
342 322
343 110
344 150
345 217
346 202
347 285
348 100
349 334
350 21
351 208
352 316
353 4
354 271
355 11
356 7
357 180
358 246
359 12
360 245
361 146
362 326
363 325
364 23
365 119
366 80
367 67
368 305
369 308
370 82
371 102
372 233
373 171
374 117
375 17
376 281
377 230
378 290
379 205
380 72
381 229
382 128
383 115
384 289
385 293
386 29
387 152
388 248
389 65
390 224
391 41
392 251
393 132
394 165
395 177
396 207
397 301
398 61
399 92
400 43
401 189
402 302
403 206
404 70
405 258
406 257
407 75
408 64
409 306
410 130
411 237
412 186
413 187
414 157
415 106
416 324
417 118
418 60
419 86
420 18
421 234
422 10
423 126
424 266
425 197
426 147
427 318
428 174
429 299
430 151
431 219
432 90
433 138
434 111
435 327
436 32
437 103
438 264
439 252
440 48
441 83
442 79
443 309
444 94
445 276
446 74
447 167
448 231
449 209
450 175
451 140
452 99
453 278
454 287
455 240
456 184
457 50
458 34
459 210
460 25
461 149
462 319
463 196
464 44
465 1
466 218
467 96
468 26
469 78
470 120
471 37
472 121
473 242
474 101
475 269
476 225
477 109
478 16
479 203
480 282
481 81
482 144
483 98
484 63
485 15
486 162
487 190
488 247
489 112
490 295
491 35
492 39
493 58
494 54
495 304
496 238
497 259
498 107
499 300
500 239
501 191
502 214
503 166
504 124
505 315
506 19
507 292
508 185
509 53
510 323
511 284
512 161
513 310
514 263
515 201
516 133
517 236
518 135
519 216
520 270
521 232
522 22
523 336
524 5
525 31
526 142
527 59
528 28
529 286
530 68
531 38
532 178
533 3
534 321
535 87
536 279
537 45
538 14
539 52
540 337
541 332
542 255
543 85
544 277
545 42
546 127
547 113
548 182
549 204
550 261
551 69
552 213
553 6
554 2
555 331
556 262
557 122
558 268
559 320
560 66
561 272
562 314
563 298
564 158
565 335
566 333
567 265
568 36
569 89
570 141
571 84
572 125
573 169
574 105
575 131
576 241
577 200
578 260
579 307
580 168
581 156
582 40
583 104
584 173
585 193
586 172
587 73
588 194
589 71
590 235
591 317
592 154
593 110
594 27
595 91
596 114
597 88
598 249
599 9
600 159
601 62
602 316
603 228
604 208
605 160
606 212
607 57
608 256
609 24
610 291
611 12
612 322
613 153
614 116
615 226
616 198
617 134
618 326
619 181
620 227
621 146
622 77
623 102
624 148
625 211
626 76
627 223
628 308
629 221
630 183
631 180
632 95
633 274
634 254
635 222
636 283
637 129
638 30
639 205
640 267
641 97
642 56
643 188
644 171
645 128
646 145
647 251
648 33
649 290
650 21
651 294
652 61
653 248
654 80
655 49
656 43
657 195
658 328
659 258
660 246
661 192
662 245
663 152
664 233
665 64
666 306
667 280
668 176
669 47
670 273
671 253
672 70
673 207
674 296
675 41
676 244
677 137
678 302
679 206
680 118
681 143
682 303
683 163
684 250
685 65
686 299
687 51
688 271
689 108
690 199
691 312
692 177
693 93
694 139
695 29
696 103
697 100
698 220
699 257
700 136
701 32
702 155
703 17
704 237
705 224
706 4
707 327
708 325
709 67
710 164
711 309
712 210
713 72
714 175
715 60
716 324
717 119
718 48
719 230
720 288
721 184
722 167
723 75
724 243
725 147
726 269
727 218
728 330
729 120
730 234
731 187
732 209
733 301
734 98
735 215
736 225
737 50
738 86
739 311
740 197
741 229
742 101
743 179
744 7
745 318
746 123
747 329
748 13
749 115
750 18
751 55
752 202
753 240
754 278
755 281
756 111
757 44
758 313
759 20
760 26
761 287
762 109
763 242
764 289
765 157
766 138
767 189
768 35
769 252
770 140
771 130
772 275
773 78
774 83
775 46
776 297
777 295
778 22
779 142
780 236
781 79
782 90
783 293
784 232
785 247
786 259
787 99
788 23
789 117
790 8
791 96
792 11
793 14
794 286
795 276
796 68
797 305
798 92
799 74
800 216
801 28
802 31
803 42
804 170
805 270
806 124
807 2
808 121
809 45
810 106
811 165
812 5
813 217
814 150
815 126
816 182
817 186
818 321
819 158
820 107
821 87
822 89
823 10
824 166
825 125
826 94
827 19
828 315
829 37
830 36
831 178
832 264
833 239
834 81
835 314
836 40
837 25
838 82
839 58
840 213
841 196
842 71
843 132
844 105
845 282
846 285
847 27
848 201
849 255
850 73
851 249
852 113
853 62
854 194
855 127
856 1
857 84
858 3
859 241
860 66
861 219
862 162
863 133
864 200
865 307
866 173
867 304
868 265
869 226
870 149
871 266
872 272
873 214
874 38
875 116
876 298
877 263
878 323
879 110
880 256
881 310
882 211
883 53
884 238
885 268
886 6
887 190
888 151
889 57
890 63
891 331
892 223
893 319
894 153
895 24
896 274
897 34
898 332
899 59
900 15
901 204
902 294
903 185
904 172
905 292
906 54
907 248
908 49
909 174
910 85
911 246
912 135
913 33
914 95
915 326
916 245
917 76
918 80
919 61
920 260
921 129
922 159
923 52
924 207
925 112
926 231
927 183
928 273
929 283
930 300
931 118
932 47
933 279
934 12
935 122
936 168
937 88
938 253
939 291
940 91
941 176
942 228
943 221
944 161
945 16
946 160
947 144
948 220
949 227
950 9
951 206
952 284
953 312
954 328
955 51
956 235
957 303
958 277
959 21
960 67
961 145
962 65
963 250
964 155
965 108
966 69
967 139
968 222
969 93
970 56
971 203
972 97
973 188
974 137
975 164
976 128
977 199
978 316
979 251
980 191
981 271
982 280
983 120
984 244
985 320
986 258
987 296
988 39
989 193
990 148
991 262
992 163
993 215
994 301
995 119
996 324
997 243
998 154
999 224
