1000 504 374500 75.0 749 749
0 403
1 362
2 422
3 17
4 373
5 138
6 364
7 284
8 191
9 337
10 419
11 433
12 85
13 375
14 416
15 61
16 96
17 314
18 119
19 130
20 88
21 42
22 269
23 305
24 300
25 474
26 333
27 360
28 157
29 116
30 413
31 184
32 465
33 367
34 376
35 97
36 313
37 389
38 339
39 29
40 99
41 461
42 13
43 126
44 406
45 353
46 289
47 104
48 384
49 356
50 62
51 140
52 486
53 9
54 292
55 316
56 479
57 249
58 226
59 295
60 290
61 342
62 30
63 159
64 241
65 350
66 472
67 225
68 435
69 372
70 34
71 117
72 448
73 197
74 307
75 240
76 237
77 24
78 374
79 36
80 63
81 67
82 189
83 453
84 188
85 160
86 489
87 147
88 21
89 162
90 150
91 272
92 392
93 388
94 151
95 459
96 129
97 344
98 363
99 169
100 3
101 205
102 81
103 286
104 143
105 329
106 12
107 16
108 196
109 320
110 268
111 100
112 330
113 31
114 173
115 273
116 380
117 404
118 153
119 430
120 77
121 402
122 414
123 326
124 383
125 463
126 195
127 215
128 410
129 171
130 90
131 47
132 87
133 198
134 427
135 207
136 271
137 341
138 80
139 352
140 451
141 426
142 317
143 261
144 244
145 108
146 259
147 222
148 338
149 177
150 54
151 75
152 366
153 351
154 183
155 296
156 386
157 308
158 324
159 65
160 303
161 59
162 218
163 446
164 239
165 146
166 6
167 251
168 128
169 400
170 70
171 328
172 336
173 401
174 27
175 439
176 393
177 281
178 458
179 136
180 206
181 417
182 431
183 243
184 248
185 145
186 396
187 123
188 370
189 464
190 4
191 142
192 285
193 349
194 265
195 113
196 477
197 440
198 318
199 190
200 213
201 397
202 468
203 332
204 441
205 301
206 345
207 228
208 2
209 348
210 246
211 253
212 72
213 37
214 278
215 168
216 57
217 91
218 69
219 432
220 109
221 60
222 35
223 224
224 105
225 262
226 175
227 139
228 212
229 398
230 110
231 266
232 84
233 46
234 144
235 438
236 378
237 94
238 163
239 340
240 361
241 131
242 343
243 170
244 28
245 482
246 50
247 280
248 462
249 496
250 365
251 22
252 14
253 55
254 182
255 444
256 193
257 161
258 436
259 204
260 174
261 315
262 242
263 51
264 19
265 211
266 236
267 83
268 254
269 299
270 495
271 256
272 39
273 387
274 18
275 132
276 92
277 15
278 210
279 467
280 155
281 53
282 270
283 469
284 277
285 260
286 481
287 98
288 494
289 74
290 89
291 186
292 490
293 293
294 235
295 219
296 78
297 64
298 287
299 470
300 321
301 26
302 478
303 10
304 487
305 122
306 79
307 82
308 180
309 471
310 102
311 185
312 382
313 38
314 93
315 267
316 288
317 312
318 40
319 148
320 297
321 377
322 358
323 473
324 445
325 415
326 371
327 229
328 158
329 73
330 263
331 379
332 121
333 33
334 68
335 369
336 276
337 71
338 203
339 291
340 264
341 399
342 44
343 41
344 390
345 125
346 485
347 454
348 483
349 331
350 101
351 475
352 232
353 381
354 247
355 23
356 56
357 491
358 25
359 76
360 493
361 118
362 480
363 107
364 405
365 385
366 447
367 294
368 137
369 7
370 304
371 420
372 231
373 334
374 179
375 449
376 310
377 425
378 311
379 335
380 466
381 95
382 152
383 86
384 252
385 437
386 368
387 181
388 149
389 274
390 133
391 429
392 223
393 250
394 194
395 138
396 17
397 156
398 208
399 275
400 199
401 325
402 96
403 172
404 284
405 52
406 187
407 20
408 407
409 5
410 255
411 302
412 313
413 394
414 424
415 154
416 11
417 282
418 333
419 309
420 322
421 305
422 141
423 202
424 319
425 422
426 258
427 289
428 120
429 201
430 460
431 1
432 354
433 103
434 165
435 428
436 234
437 157
438 140
439 134
440 279
441 214
442 323
443 164
444 492
445 135
446 112
447 245
448 178
449 337
450 58
451 283
452 176
453 418
454 376
455 257
456 48
457 389
458 316
459 450
460 327
461 49
462 115
463 124
464 111
465 45
466 434
467 384
468 209
469 346
470 188
471 409
472 443
473 353
474 192
475 36
476 106
477 61
478 227
479 169
480 412
481 189
482 306
483 30
484 9
485 85
486 298
487 423
488 216
489 307
490 403
491 357
492 241
493 355
494 104
495 457
496 81
497 97
498 127
499 249
500 421
501 435
502 474
503 116
504 77
505 364
506 268
507 200
508 452
509 238
510 359
511 205
512 126
513 479
514 100
515 66
516 411
517 129
518 88
519 220
520 147
521 217
522 130
523 13
524 395
525 476
526 295
527 244
528 286
529 430
530 408
531 191
532 160
533 472
534 406
535 362
536 184
537 442
538 119
539 215
540 314
541 143
542 488
543 183
544 300
545 233
546 207
547 114
548 24
549 317
550 3
551 173
552 230
553 367
554 117
555 99
556 87
557 251
558 162
559 426
560 80
561 484
562 446
563 439
564 206
565 34
566 166
567 290
568 373
569 167
570 296
571 42
572 388
573 221
574 29
575 356
576 455
577 261
578 391
579 62
580 31
581 489
582 347
583 43
584 32
585 269
586 90
587 253
588 159
589 456
590 243
591 273
592 108
593 54
594 57
595 339
596 341
597 416
598 375
599 222
600 63
601 292
602 271
603 433
604 413
605 105
606 301
607 59
608 329
609 8
610 65
611 197
612 320
613 486
614 360
615 2
616 281
617 198
618 477
619 123
620 448
621 153
622 226
623 340
624 280
625 139
626 451
627 21
628 482
629 503
630 465
631 344
632 224
633 278
634 91
635 419
636 438
637 392
638 259
639 136
640 225
641 84
642 228
643 19
644 12
645 190
646 444
647 345
648 144
649 431
650 427
651 67
652 342
653 254
654 240
655 453
656 315
657 461
658 196
659 195
660 4
661 27
662 237
663 372
664 328
665 171
666 246
667 270
668 50
669 16
670 128
671 410
672 303
673 55
674 498
675 72
676 113
677 494
678 440
679 204
680 219
681 350
682 131
683 180
684 351
685 499
686 272
687 496
688 151
689 75
690 79
691 248
692 336
693 150
694 374
695 459
696 363
697 186
698 380
699 155
700 132
701 487
702 463
703 158
704 404
705 39
706 47
707 326
708 168
709 417
710 142
711 338
712 495
713 500
714 436
715 330
716 121
717 145
718 478
719 242
720 415
721 383
722 51
723 414
724 291
725 312
726 318
727 264
728 89
729 402
730 229
731 497
732 332
733 239
734 432
735 265
736 68
737 46
738 107
739 287
740 386
741 69
742 109
743 256
744 464
745 490
746 370
747 400
748 14
749 78
750 471
751 470
752 203
753 177
754 501
755 218
756 405
757 352
758 308
759 44
760 393
761 324
762 182
763 267
764 420
765 285
766 6
767 266
768 321
769 146
770 493
771 53
772 366
773 210
774 179
775 194
776 95
777 401
778 429
779 133
780 211
781 40
782 82
783 38
784 480
785 361
786 469
787 462
788 187
789 181
790 458
791 60
792 378
793 255
794 70
795 396
796 86
797 247
798 15
799 398
800 379
801 93
802 399
803 468
804 282
805 56
806 18
807 163
808 260
809 161
810 103
811 349
812 213
813 397
814 390
815 212
816 214
817 122
818 483
819 37
820 387
821 348
822 22
823 149
824 441
825 467
826 258
827 175
828 223
829 141
830 449
831 407
832 418
833 481
834 276
835 447
836 245
837 201
838 28
839 193
840 275
841 445
842 262
843 35
844 335
845 174
846 94
847 64
848 110
849 409
850 434
851 71
852 257
853 83
854 120
855 208
856 231
857 10
858 73
859 48
860 252
861 236
862 306
863 170
864 235
865 234
866 343
867 102
868 365
869 227
870 288
871 148
872 74
873 216
874 491
875 293
876 137
877 178
878 437
879 299
880 5
881 52
882 127
883 423
884 112
885 7
886 492
887 381
888 371
889 323
890 134
891 92
892 277
893 232
894 164
895 176
896 454
897 452
898 1
899 325
900 358
901 425
902 185
903 20
904 385
905 26
906 154
907 209
908 98
909 279
910 327
911 382
912 115
913 238
914 135
915 297
916 377
917 411
918 355
919 424
920 412
921 311
922 263
923 124
924 450
925 476
926 457
927 502
928 302
929 11
930 172
931 488
932 443
933 125
934 304
935 23
936 346
937 118
938 283
939 202
940 200
941 101
942 460
943 274
944 199
945 309
946 230
947 473
948 33
949 233
950 475
951 504
952 442
953 369
954 156
955 114
956 421
957 395
958 334
959 394
960 354
961 331
962 368
963 485
964 217
965 357
966 250
967 41
968 408
969 32
970 49
971 466
972 76
973 45
974 484
975 25
976 66
977 310
978 319
979 111
980 106
981 167
982 294
983 391
984 8
985 152
986 428
987 359
988 166
989 192
990 165
991 220
992 58
993 347
994 456
995 43
996 298
997 221
998 322
999 455
