1000 502 374500 75.0 749 749
0 278
1 92
2 358
3 482
4 351
5 410
6 467
7 80
8 204
9 7
10 324
11 269
12 251
13 369
14 101
15 24
16 384
17 192
18 203
19 272
20 95
21 497
22 374
23 84
24 345
25 318
26 39
27 473
28 121
29 263
30 51
31 337
32 289
33 391
34 355
35 386
36 182
37 379
38 142
39 113
40 78
41 428
42 357
43 448
44 478
45 344
46 417
47 21
48 499
49 413
50 148
51 388
52 313
53 138
54 396
55 93
56 118
57 392
58 89
59 147
60 362
61 55
62 179
63 349
64 430
65 373
66 398
67 495
68 105
69 144
70 81
71 265
72 57
73 220
74 117
75 90
76 156
77 474
78 195
79 416
80 501
81 295
82 339
83 201
84 169
85 181
86 49
87 476
88 475
89 347
90 316
91 442
92 222
93 30
94 446
95 415
96 308
97 375
98 404
99 486
100 328
101 283
102 407
103 14
104 433
105 175
106 134
107 438
108 303
109 28
110 466
111 236
112 479
113 420
114 382
115 74
116 106
117 447
118 286
119 64
120 116
121 255
122 365
123 165
124 198
125 327
126 212
127 429
128 66
129 197
130 381
131 288
132 299
133 331
134 122
135 200
136 498
137 228
138 85
139 321
140 107
141 97
142 285
143 240
144 274
145 399
146 149
147 342
148 70
149 412
150 354
151 370
152 72
153 300
154 264
155 174
156 133
157 151
158 253
159 244
160 394
161 459
162 86
163 46
164 36
165 27
166 231
167 48
168 443
169 88
170 425
171 297
172 383
173 40
174 139
175 452
176 188
177 310
178 19
179 338
180 120
181 161
182 63
183 141
184 135
185 435
186 284
187 361
188 67
189 481
190 462
191 376
192 254
193 239
194 390
195 282
196 261
197 432
198 214
199 9
200 458
201 360
202 423
203 472
204 293
205 397
206 160
207 217
208 483
209 268
210 408
211 13
212 401
213 33
214 445
215 371
216 185
217 237
218 280
219 171
220 312
221 372
222 487
223 163
224 54
225 364
226 87
227 20
228 227
229 83
230 270
231 153
232 164
233 468
234 166
235 183
236 216
237 395
238 304
239 346
240 194
241 336
242 451
243 238
244 6
245 464
246 79
247 136
248 456
249 22
250 73
251 145
252 359
253 196
254 114
255 335
256 157
257 444
258 137
259 306
260 249
261 104
262 281
263 167
264 319
265 52
266 419
267 406
268 103
269 126
270 60
271 323
272 23
273 110
274 76
275 400
276 146
277 320
278 477
279 271
280 119
281 488
282 427
283 258
284 210
285 241
286 259
287 234
288 221
289 489
290 155
291 296
292 47
293 311
294 405
295 115
296 246
297 333
298 314
299 480
300 450
301 128
302 98
303 356
304 5
305 440
306 172
307 330
308 422
309 129
310 470
311 235
312 377
313 260
314 437
315 26
316 352
317 131
318 262
319 414
320 65
321 132
322 353
323 460
324 411
325 267
326 225
327 256
328 127
329 363
330 38
331 502
332 4
333 18
334 17
335 125
336 102
337 418
338 123
339 31
340 378
341 252
342 348
343 206
344 294
345 393
346 187
347 15
348 32
349 59
350 215
351 340
352 457
353 37
354 42
355 436
356 287
357 431
358 226
359 307
360 465
361 12
362 500
363 315
364 75
365 402
366 380
367 232
368 329
369 469
370 494
371 202
372 211
373 1
374 368
375 266
376 224
377 453
378 424
379 350
380 124
381 426
382 53
383 45
384 112
385 219
386 213
387 207
388 43
389 154
390 343
391 484
392 366
393 257
394 334
395 485
396 230
397 68
398 403
399 7
400 223
401 491
402 168
403 189
404 29
405 99
406 279
407 421
408 140
409 62
410 84
411 218
412 273
413 290
414 71
415 463
416 276
417 229
418 302
419 61
420 77
421 209
422 100
423 108
424 82
425 277
426 391
427 243
428 150
429 143
430 56
431 182
432 205
433 263
434 441
435 233
436 337
437 184
438 409
439 410
440 3
441 291
442 396
443 482
444 250
445 471
446 118
447 322
448 289
449 170
450 332
451 374
452 496
453 455
454 251
455 389
456 199
457 178
458 242
459 152
460 461
461 478
462 434
463 34
464 109
465 92
466 275
467 162
468 148
469 190
470 78
471 416
472 248
473 181
474 357
475 191
476 208
477 269
478 454
479 142
480 111
481 159
482 492
483 245
484 442
485 147
486 35
487 387
488 247
489 292
490 58
491 186
492 144
493 404
494 324
495 407
496 81
497 134
498 11
499 301
500 325
501 69
502 96
503 486
504 176
505 341
506 10
507 222
508 55
509 121
510 94
511 50
512 41
513 91
514 388
515 317
516 439
517 420
518 365
519 220
520 265
521 448
522 309
523 173
524 44
525 355
526 138
527 85
528 467
529 298
530 385
531 105
532 255
533 25
534 21
535 278
536 449
537 466
538 158
539 283
540 130
541 313
542 169
543 367
544 285
545 429
546 240
547 101
548 476
549 177
550 447
551 438
552 326
553 204
554 174
555 430
556 452
557 497
558 413
559 381
560 180
561 70
562 305
563 264
564 93
565 40
566 8
567 193
568 384
569 351
570 349
571 16
572 30
573 459
574 369
575 473
576 179
577 165
578 339
579 236
580 443
581 316
582 19
583 358
584 135
585 2
586 46
587 214
588 228
589 57
590 48
591 74
592 272
593 49
594 490
595 472
596 493
597 51
598 156
599 133
600 192
601 80
602 39
603 362
604 139
605 328
606 445
607 446
608 117
609 153
610 113
611 310
612 475
613 303
614 268
615 299
616 474
617 288
618 200
619 462
620 188
621 244
622 72
623 270
624 88
625 433
626 274
627 428
628 345
629 24
630 95
631 231
632 386
633 183
634 14
635 212
636 375
637 6
638 203
639 392
640 9
641 379
642 280
643 261
644 97
645 253
646 432
647 164
648 116
649 318
650 175
651 63
652 344
653 354
654 89
655 417
656 52
657 33
658 297
659 321
660 22
661 427
662 488
663 87
664 468
665 308
666 86
667 258
668 197
669 28
670 382
671 458
672 13
673 155
674 435
675 167
676 373
677 495
678 390
679 64
680 141
681 157
682 293
683 425
684 477
685 195
686 398
687 481
688 151
689 201
690 444
691 479
692 227
693 216
694 239
695 347
696 456
697 90
698 295
699 394
700 451
701 327
702 66
703 122
704 412
705 106
706 235
707 282
708 128
709 198
710 120
711 238
712 166
713 364
714 415
715 185
716 79
717 259
718 348
719 65
720 372
721 98
722 234
723 73
724 67
725 149
726 221
727 470
728 18
729 267
730 129
731 252
732 136
733 59
734 249
735 437
736 286
737 360
738 436
739 331
740 226
741 27
742 76
743 401
744 145
745 36
746 256
747 284
748 312
749 370
750 83
751 107
752 75
753 464
754 342
755 104
756 196
757 60
758 399
759 483
760 419
761 132
762 26
763 489
764 300
765 361
766 338
767 127
768 376
769 271
770 281
771 440
772 333
773 23
774 335
775 306
776 241
777 359
778 350
779 54
780 480
781 383
782 336
783 408
784 371
785 32
786 307
787 12
788 405
789 31
790 161
791 314
792 213
793 171
794 319
795 334
796 45
797 397
798 254
799 457
800 377
801 450
802 380
803 279
804 400
805 125
806 418
807 487
808 453
809 82
810 146
811 423
812 126
813 194
814 56
815 217
816 163
817 172
818 20
819 323
820 53
821 215
822 42
823 424
824 211
825 330
826 160
827 460
828 431
829 207
830 123
831 229
832 237
833 137
834 71
835 469
836 4
837 346
838 395
839 465
840 246
841 110
842 296
843 320
844 17
845 322
846 219
847 406
848 38
849 119
850 162
851 43
852 223
853 485
854 363
855 1
856 230
857 287
858 47
859 103
860 304
861 114
862 115
863 454
864 184
865 494
866 170
867 3
868 352
869 491
870 332
871 218
872 356
873 387
874 35
875 205
876 99
877 189
878 187
879 62
880 37
881 225
882 463
883 484
884 492
885 262
886 191
887 315
888 168
889 409
890 29
891 150
892 368
893 260
894 233
895 341
896 96
897 426
898 11
899 353
900 50
901 94
902 325
903 5
904 422
905 411
906 206
907 385
908 210
909 108
910 34
911 393
912 245
913 248
914 378
915 449
916 311
917 294
918 366
919 111
920 69
921 292
922 208
923 91
924 173
925 343
926 309
927 77
928 414
929 298
930 178
931 329
932 257
933 41
934 250
935 176
936 131
937 276
938 10
939 44
940 275
941 25
942 154
943 102
944 441
945 301
946 15
947 277
948 291
949 290
950 186
951 439
952 190
953 434
954 61
955 232
956 305
957 193
958 180
959 177
960 58
961 340
962 266
963 124
964 112
965 109
966 130
967 140
968 159
969 209
970 2
971 389
972 493
973 100
974 202
975 224
976 68
977 8
978 500
979 247
980 455
981 317
982 403
983 243
984 273
985 158
986 242
987 402
988 471
989 421
990 302
991 490
992 143
993 152
994 496
995 199
996 367
997 16
998 326
999 461
