1000 502 374500 75.0 749 749
0 355
1 72
2 442
3 245
4 116
5 281
6 444
7 201
8 401
9 406
10 414
11 98
12 133
13 22
14 472
15 324
16 80
17 23
18 410
19 400
20 394
21 435
22 235
23 426
24 93
25 153
26 46
27 174
28 480
29 161
30 294
31 194
32 453
33 275
34 208
35 482
36 53
37 277
38 219
39 108
40 334
41 145
42 327
43 292
44 467
45 500
46 167
47 211
48 122
49 24
50 105
51 285
52 99
53 370
54 338
55 70
56 360
57 431
58 178
59 274
60 158
61 328
62 155
63 247
64 100
65 37
66 61
67 372
68 393
69 11
70 354
71 214
72 468
73 135
74 450
75 461
76 368
77 255
78 140
79 34
80 280
81 196
82 341
83 216
84 132
85 188
86 147
87 358
88 149
89 449
90 322
91 376
92 384
93 52
94 88
95 228
96 113
97 441
98 398
99 205
100 42
101 197
102 151
103 485
104 481
105 112
106 172
107 15
108 109
109 55
110 199
111 496
112 159
113 3
114 396
115 10
116 249
117 456
118 231
119 40
120 239
121 154
122 283
123 305
124 26
125 2
126 427
127 215
128 416
129 222
130 455
131 477
132 33
133 168
134 473
135 418
136 326
137 296
138 454
139 365
140 397
141 273
142 119
143 67
144 425
145 452
146 126
147 361
148 252
149 259
150 286
151 306
152 314
153 114
154 48
155 475
156 189
157 411
158 272
159 39
160 309
161 333
162 38
163 321
164 301
165 244
166 405
167 315
168 494
169 437
170 364
171 85
172 86
173 415
174 206
175 204
176 14
177 276
178 29
179 342
180 258
181 123
182 203
183 316
184 191
185 69
186 385
187 289
188 399
189 240
190 27
191 256
192 462
193 430
194 65
195 138
196 150
197 226
198 209
199 487
200 73
201 4
202 107
203 9
204 300
205 142
206 395
207 356
208 170
209 367
210 497
211 63
212 184
213 436
214 457
215 478
216 200
217 31
218 383
219 363
220 139
221 402
222 110
223 68
224 143
225 121
226 185
227 124
228 369
229 350
230 165
231 404
232 471
233 8
234 198
235 71
236 474
237 373
238 51
239 269
240 347
241 101
242 297
243 490
244 491
245 7
246 254
247 20
248 476
249 202
250 54
251 391
252 388
253 278
254 371
255 13
256 127
257 319
258 36
259 242
260 117
261 438
262 19
263 464
264 246
265 94
266 469
267 377
268 443
269 257
270 387
271 32
272 313
273 392
274 137
275 213
276 428
277 352
278 343
279 49
280 17
281 82
282 131
283 423
284 446
285 448
286 234
287 102
288 44
289 291
290 308
291 218
292 389
293 345
294 407
295 221
296 264
297 459
298 173
299 412
300 5
301 144
302 344
303 229
304 152
305 250
306 251
307 458
308 103
309 451
310 486
311 337
312 440
313 64
314 351
315 104
316 76
317 488
318 192
319 237
320 298
321 35
322 120
323 335
324 483
325 403
326 287
327 465
328 181
329 91
330 463
331 353
332 41
333 484
334 190
335 325
336 266
337 115
338 45
339 129
340 148
341 50
342 348
343 130
344 339
345 311
346 95
347 346
348 329
349 263
350 96
351 169
352 81
353 260
354 163
355 340
356 413
357 307
358 295
359 25
360 374
361 445
362 382
363 380
364 160
365 43
366 408
367 16
368 261
369 179
370 498
371 409
372 62
373 111
374 66
375 118
376 223
377 84
378 75
379 60
380 176
381 489
382 336
383 447
384 432
385 232
386 157
387 366
388 359
389 18
390 248
391 433
392 236
393 92
394 12
395 217
396 284
397 406
398 30
399 330
400 381
401 439
402 166
403 74
404 180
405 492
406 171
407 134
408 46
409 98
410 47
411 303
412 349
413 293
414 429
415 133
416 460
417 78
418 146
419 97
420 77
421 224
422 106
423 262
424 288
425 362
426 59
427 238
428 421
429 378
430 312
431 318
432 186
433 400
434 386
435 210
436 233
437 230
438 482
439 302
440 6
441 414
442 70
443 493
444 11
445 136
446 424
447 480
448 99
449 83
450 22
451 212
452 195
453 56
454 334
455 417
456 225
457 182
458 472
459 164
460 426
461 162
462 155
463 304
464 357
465 241
466 328
467 282
468 466
469 320
470 125
471 72
472 470
473 376
474 177
475 410
476 90
477 495
478 100
479 87
480 401
481 420
482 431
483 479
484 332
485 227
486 216
487 453
488 175
489 34
490 1
491 105
492 368
493 379
494 331
495 327
496 267
497 375
498 268
499 10
500 390
501 358
502 161
503 122
504 422
505 23
506 151
507 28
508 317
509 394
510 42
511 168
512 219
513 128
514 365
515 37
516 89
517 360
518 326
519 3
520 33
521 174
522 452
523 57
524 270
525 355
526 247
527 467
528 26
529 153
530 52
531 271
532 108
533 323
534 193
535 299
536 214
537 361
538 135
539 222
540 290
541 468
542 140
543 253
544 159
545 208
546 419
547 61
548 79
549 58
550 67
551 235
552 450
553 434
554 461
555 183
556 141
557 477
558 123
559 444
560 354
561 324
562 456
563 285
564 114
565 215
566 272
567 116
568 281
569 462
570 475
571 207
572 292
573 314
574 481
575 199
576 167
577 249
578 154
579 496
580 158
581 310
582 132
583 364
584 356
585 228
586 372
587 53
588 279
589 156
590 126
591 245
592 112
593 178
594 243
595 147
596 457
597 220
598 187
599 265
600 338
601 21
602 252
603 487
604 296
605 69
606 274
607 316
608 48
609 24
610 333
611 55
612 85
613 145
614 211
615 14
616 258
617 194
618 226
619 80
620 367
621 442
622 275
623 342
624 256
625 476
626 63
627 200
628 7
629 201
630 86
631 93
632 341
633 435
634 119
635 370
636 322
637 269
638 204
639 321
640 347
641 197
642 294
643 473
644 51
645 107
646 149
647 411
648 454
649 300
650 109
651 54
652 2
653 277
654 172
655 397
656 17
657 425
658 352
659 306
660 188
661 305
662 398
663 113
664 278
665 471
666 319
667 121
668 8
669 20
670 259
671 231
672 405
673 485
674 393
675 289
676 491
677 455
678 291
679 234
680 82
681 94
682 363
683 184
684 185
685 449
686 27
687 280
688 13
689 127
690 150
691 297
692 478
693 196
694 38
695 257
696 474
697 264
698 124
699 384
700 88
701 415
702 255
703 101
704 396
705 117
706 298
707 246
708 40
709 205
710 104
711 430
712 488
713 369
714 276
715 244
716 377
717 287
718 15
719 91
720 348
721 45
722 441
723 203
724 73
725 443
726 250
727 490
728 49
729 345
730 273
731 260
732 371
733 459
734 189
735 283
736 286
737 44
738 65
739 239
740 251
741 427
742 416
743 418
744 501
745 165
746 143
747 407
748 138
749 351
750 81
751 494
752 71
753 206
754 240
755 486
756 329
757 458
758 404
759 131
760 412
761 309
762 440
763 173
764 335
765 484
766 39
767 399
768 483
769 373
770 436
771 374
772 137
773 5
774 301
775 66
776 4
777 284
778 29
779 315
780 350
781 492
782 176
783 437
784 308
785 16
786 447
787 465
788 446
789 303
790 366
791 497
792 229
793 254
794 169
795 96
796 261
797 218
798 353
799 311
800 385
801 191
802 170
803 451
804 84
805 68
806 395
807 92
808 110
809 464
810 266
811 489
812 36
813 95
814 209
815 380
816 210
817 9
818 74
819 157
820 262
821 43
822 469
823 295
824 307
825 31
826 142
827 502
828 423
829 325
830 383
831 318
832 421
833 64
834 213
835 402
836 463
837 139
838 302
839 62
840 59
841 313
842 198
843 242
844 460
845 171
846 152
847 387
848 41
849 448
850 221
851 438
852 32
853 35
854 202
855 182
856 378
857 115
858 392
859 83
860 212
861 388
862 166
863 60
864 330
865 238
866 237
867 493
868 19
869 164
870 391
871 146
872 192
873 263
874 332
875 409
876 343
877 344
878 375
879 195
880 428
881 422
882 312
883 317
884 248
885 479
886 408
887 331
888 389
889 181
890 403
891 293
892 180
893 175
894 433
895 129
896 12
897 76
898 102
899 270
900 144
901 495
902 233
903 148
904 97
905 466
906 89
907 25
908 381
909 103
910 282
911 339
912 390
913 190
914 267
915 160
916 268
917 417
918 337
919 420
920 362
921 130
922 28
923 346
924 120
925 288
926 179
927 186
928 241
929 87
930 429
931 271
932 290
933 58
934 253
935 379
936 50
937 141
938 434
939 499
940 470
941 439
942 106
943 386
944 78
945 299
946 232
947 90
948 193
949 162
950 75
951 79
952 18
953 336
954 230
955 432
956 304
957 419
958 320
959 357
960 207
961 183
962 382
963 118
964 77
965 236
966 163
967 47
968 225
969 227
970 1
971 413
972 128
973 445
974 134
975 243
976 265
977 220
978 340
979 223
980 359
981 310
982 177
983 349
984 156
985 424
986 136
987 498
988 279
989 187
990 224
991 125
992 6
993 217
994 111
995 323
996 21
997 57
998 56
999 30
