100 28 1950 40.0 39 39
0 26
1 11
2 21
3 1
4 15
5 10
6 5
7 27
8 16
9 25
10 13
11 20
12 7
13 22
14 19
15 24
16 14
17 18
18 4
19 12
20 23
21 2
22 21
23 11
24 8
25 26
26 1
27 17
28 3
29 16
30 9
31 5
32 7
33 22
34 20
35 6
36 25
37 10
38 13
39 4
40 12
41 15
42 2
43 14
44 24
45 18
46 21
47 19
48 3
49 17
50 8
51 5
52 1
53 7
54 9
55 11
56 20
57 16
58 10
59 13
60 4
61 23
62 26
63 25
64 28
65 14
66 12
67 2
68 3
69 19
70 21
71 17
72 5
73 18
74 6
75 1
76 24
77 27
78 15
79 11
80 22
81 7
82 10
83 13
84 25
85 20
86 16
87 4
88 28
89 8
90 2
91 9
92 19
93 18
94 14
95 3
96 12
97 17
98 23
99 6
