100 28 1950 40.0 39 39
0 13
1 14
2 21
3 3
4 6
5 2
6 7
7 16
8 24
9 17
10 25
11 23
12 20
13 11
14 18
15 12
16 4
17 22
18 5
19 8
20 13
21 14
22 21
23 9
24 15
25 19
26 2
27 6
28 16
29 1
30 17
31 7
32 20
33 23
34 3
35 26
36 4
37 10
38 5
39 22
40 11
41 8
42 12
43 21
44 25
45 19
46 14
47 6
48 9
49 18
50 16
51 27
52 1
53 24
54 13
55 26
56 4
57 15
58 3
59 2
60 5
61 20
62 22
63 12
64 10
65 11
66 17
67 7
68 14
69 19
70 8
71 23
72 9
73 1
74 21
75 25
76 18
77 13
78 4
79 24
80 6
81 3
82 5
83 2
84 12
85 16
86 28
87 17
88 20
89 11
90 26
91 23
92 8
93 19
94 27
95 9
96 15
97 22
98 10
99 1
