100 29 1950 40.0 39 39
0 11
1 16
2 12
3 9
4 20
5 5
6 13
7 27
8 24
9 3
10 15
11 19
12 22
13 14
14 1
15 8
16 7
17 17
18 18
19 21
20 10
21 23
22 16
23 4
24 11
25 2
26 5
27 20
28 13
29 12
30 15
31 9
32 19
33 6
34 1
35 22
36 7
37 14
38 25
39 3
40 21
41 27
42 8
43 17
44 23
45 24
46 10
47 5
48 13
49 16
50 20
51 11
52 9
53 2
54 18
55 4
56 26
57 14
58 29
59 1
60 19
61 3
62 7
63 8
64 17
65 15
66 12
67 25
68 22
69 5
70 28
71 6
72 27
73 2
74 9
75 23
76 4
77 24
78 11
79 16
80 14
81 10
82 13
83 8
84 20
85 19
86 21
87 3
88 7
89 22
90 15
91 26
92 18
93 2
94 1
95 23
96 17
97 4
98 25
99 6
