600 51 71880 40.0 335 140
0 6
1 8
2 17
3 1
4 13
5 20
6 16
7 17
8 33
9 28
10 35
11 42
12 2
13 1
14 12
15 6
16 11
17 1
18 9
19 44
20 39
21 10
22 13
23 35
24 4
25 22
26 27
27 22
28 5
29 26
30 27
31 5
32 10
33 49
34 2
35 12
36 41
37 12
38 38
39 23
40 41
41 5
42 26
43 12
44 44
45 18
46 26
47 4
48 15
49 41
50 47
51 24
52 49
53 31
54 5
55 13
56 15
57 30
58 42
59 10
60 30
61 32
62 18
63 30
64 18
65 20
66 26
67 9
68 50
69 48
70 26
71 27
72 25
73 2
74 39
75 19
76 9
77 43
78 17
79 44
80 8
81 8
82 9
83 45
84 32
85 14
86 3
87 38
88 15
89 13
90 45
91 36
92 7
93 48
94 50
95 10
96 20
97 34
98 17
99 13
100 30
101 17
102 14
103 20
104 44
105 6
106 36
107 2
108 47
109 42
110 16
111 29
112 1
113 10
114 29
115 15
116 27
117 38
118 1
119 33
120 18
121 31
122 8
123 23
124 3
125 37
126 11
127 13
128 25
129 46
130 10
131 31
132 25
133 38
134 41
135 19
136 11
137 3
138 5
139 40
140 28
141 12
142 34
143 33
144 1
145 33
146 19
147 36
148 37
149 23
150 28
151 15
152 40
153 3
154 17
155 11
156 30
157 11
158 29
159 14
160 35
161 8
162 22
163 5
164 38
165 41
166 39
167 7
168 37
169 45
170 31
171 33
172 7
173 32
174 13
175 29
176 16
177 10
178 32
179 42
180 5
181 16
182 40
183 31
184 28
185 37
186 43
187 20
188 39
189 22
190 16
191 22
192 6
193 28
194 7
195 42
196 12
197 4
198 50
199 3
200 23
201 14
202 43
203 24
204 45
205 18
206 35
207 11
208 19
209 46
210 49
211 7
212 26
213 7
214 31
215 24
216 25
217 12
218 9
219 10
220 8
221 9
222 1
223 4
224 19
225 23
226 30
227 7
228 4
229 15
230 4
231 32
232 4
233 32
234 14
235 31
236 2
237 43
238 25
239 6
240 34
241 6
242 4
243 35
244 11
245 26
246 18
247 3
248 23
249 30
250 33
251 28
252 21
253 27
254 39
255 21
256 3
257 47
258 24
259 41
260 2
261 16
262 21
263 40
264 29
265 7
266 44
267 43
268 29
269 44
270 8
271 14
272 34
273 15
274 21
275 35
276 18
277 6
278 25
279 35
280 28
281 36
282 17
283 46
284 30
285 36
286 3
287 16
288 48
289 14
290 10
291 21
292 22
293 24
294 23
295 26
296 23
297 8
298 21
299 18
300 36
301 25
302 5
303 19
304 20
305 32
306 37
307 19
308 24
309 21
310 3
311 9
312 15
313 13
314 42
315 23
316 43
317 40
318 22
319 47
320 46
321 2
322 34
323 27
324 39
325 30
326 32
327 1
328 6
329 42
330 40
331 2
332 17
333 48
334 50
335 48
336 34
337 48
338 49
339 48
340 22
341 51
342 37
343 48
344 33
345 47
346 38
347 51
348 19
349 38
350 42
351 44
352 46
353 34
354 36
355 44
356 51
357 48
358 48
359 48
360 34
361 46
362 51
363 29
364 45
365 34
366 25
367 46
368 43
369 51
370 49
371 2
372 47
373 47
374 31
375 51
376 34
377 51
378 51
379 51
380 29
381 21
382 51
383 51
384 41
385 51
386 50
387 50
388 51
389 46
390 51
391 51
392 15
393 51
394 51
395 49
396 33
397 46
398 51
399 47
400 45
401 50
402 24
403 47
404 41
405 47
406 39
407 38
408 51
409 50
410 44
411 51
412 51
413 51
414 29
415 38
416 43
417 7
418 51
419 26
420 2
421 48
422 20
423 9
424 37
425 49
426 51
427 51
428 29
429 33
430 47
431 26
432 38
433 44
434 46
435 49
436 37
437 43
438 47
439 51
440 51
441 26
442 15
443 51
444 51
445 38
446 19
447 51
448 49
449 51
450 27
451 8
452 29
453 49
454 50
455 50
456 51
457 49
458 35
459 51
460 51
461 51
462 43
463 35
464 26
465 51
466 51
467 37
468 51
469 48
470 51
471 49
472 46
473 41
474 20
475 42
476 51
477 45
478 38
479 38
480 51
481 44
482 13
483 47
484 46
485 41
486 51
487 51
488 45
489 48
490 50
491 51
492 51
493 46
494 51
495 51
496 21
497 47
498 51
499 50
500 6
501 47
502 29
503 46
504 47
505 38
506 50
507 51
508 51
509 46
510 10
511 46
512 47
513 49
514 51
515 45
516 33
517 51
518 20
519 51
520 33
521 47
522 49
523 34
524 48
525 47
526 48
527 37
528 51
529 51
530 51
531 17
532 17
533 48
534 47
535 48
536 18
537 51
538 36
539 37
540 15
541 18
542 51
543 51
544 49
545 51
546 37
547 51
548 45
549 24
550 47
551 51
552 12
553 51
554 25
555 48
556 18
557 51
558 47
559 17
560 45
561 48
562 49
563 48
564 49
565 37
566 32
567 49
568 51
569 51
570 51
571 49
572 46
573 45
574 50
575 38
576 44
577 45
578 48
579 41
580 51
581 14
582 32
583 35
584 49
585 15
586 51
587 39
588 47
589 46
590 37
591 51
592 34
593 45
594 51
595 27
596 31
597 34
598 47
599 51
