600 94 107820 60.0 476 296
0 6
1 23
2 22
3 14
4 16
5 9
6 25
7 13
8 28
9 1
10 20
11 29
12 27
13 21
14 23
15 14
16 29
17 8
18 13
19 15
20 12
21 17
22 9
23 5
24 27
25 31
26 26
27 19
28 23
29 6
30 41
31 21
32 10
33 40
34 18
35 16
36 15
37 39
38 30
39 3
40 26
41 12
42 11
43 36
44 25
45 3
46 31
47 21
48 17
49 30
50 14
51 1
52 35
53 12
54 20
55 20
56 2
57 23
58 9
59 4
60 6
61 39
62 36
63 31
64 2
65 19
66 31
67 15
68 1
69 8
70 8
71 11
72 7
73 24
74 27
75 16
76 34
77 10
78 7
79 3
80 33
81 35
82 10
83 5
84 4
85 24
86 34
87 39
88 4
89 32
90 11
91 22
92 7
93 2
94 32
95 13
96 37
97 33
98 30
99 11
100 17
101 3
102 12
103 36
104 5
105 38
106 17
107 29
108 15
109 40
110 13
111 37
112 14
113 22
114 33
115 6
116 32
117 27
118 26
119 18
120 25
121 38
122 5
123 37
124 16
125 8
126 25
127 29
128 34
129 33
130 16
131 28
132 28
133 18
134 19
135 7
136 56
137 57
138 59
139 51
140 80
141 73
142 50
143 60
144 62
145 4
146 42
147 51
148 84
149 64
150 69
151 72
152 26
153 53
154 63
155 20
156 58
157 65
158 86
159 46
160 47
161 78
162 90
163 66
164 64
165 43
166 54
167 54
168 53
169 91
170 53
171 70
172 67
173 80
174 58
175 87
176 60
177 87
178 37
179 75
180 79
181 62
182 65
183 54
184 13
185 44
186 91
187 19
188 72
189 41
190 26
191 92
192 52
193 47
194 25
195 62
196 36
197 81
198 61
199 90
200 40
201 53
202 82
203 68
204 44
205 84
206 20
207 64
208 83
209 81
210 91
211 72
212 75
213 9
214 52
215 88
216 46
217 18
218 60
219 24
220 59
221 90
222 79
223 15
224 71
225 92
226 66
227 80
228 77
229 65
230 42
231 55
232 24
233 85
234 63
235 15
236 58
237 35
238 65
239 9
240 44
241 85
242 30
243 14
244 71
245 47
246 43
247 75
248 51
249 49
250 74
251 86
252 81
253 32
254 21
255 76
256 90
257 38
258 62
259 57
260 81
261 35
262 71
263 63
264 41
265 46
266 55
267 44
268 88
269 58
270 92
271 93
272 4
273 51
274 61
275 33
276 1
277 49
278 71
279 79
280 86
281 25
282 74
283 22
284 68
285 28
286 67
287 54
288 57
289 69
290 61
291 57
292 44
293 38
294 9
295 53
296 21
297 82
298 89
299 47
300 77
301 2
302 18
303 42
304 35
305 50
306 53
307 56
308 92
309 66
310 45
311 70
312 74
313 45
314 83
315 41
316 58
317 68
318 44
319 89
320 57
321 2
322 62
323 55
324 79
325 48
326 93
327 61
328 59
329 63
330 81
331 48
332 67
333 70
334 47
335 76
336 1
337 47
338 84
339 84
340 73
341 83
342 51
343 47
344 43
345 87
346 56
347 68
348 74
349 51
350 74
351 59
352 43
353 84
354 59
355 45
356 78
357 45
358 57
359 78
360 29
361 67
362 77
363 57
364 49
365 19
366 94
367 20
368 55
369 70
370 79
371 58
372 56
373 42
374 72
375 69
376 59
377 77
378 52
379 52
380 45
381 62
382 85
383 41
384 44
385 43
386 45
387 34
388 82
389 49
390 42
391 77
392 67
393 49
394 93
395 46
396 78
397 60
398 60
399 12
400 69
401 53
402 24
403 53
404 73
405 82
406 67
407 87
408 52
409 22
410 23
411 88
412 73
413 81
414 72
415 62
416 39
417 16
418 64
419 60
420 11
421 67
422 58
423 73
424 76
425 83
426 56
427 72
428 79
429 82
430 55
431 50
432 55
433 39
434 78
435 26
436 64
437 85
438 52
439 48
440 48
441 27
442 70
443 40
444 76
445 83
446 66
447 7
448 50
449 89
450 60
451 62
452 62
453 90
454 71
455 42
456 84
457 59
458 63
459 89
460 49
461 91
462 66
463 39
464 46
465 48
466 43
467 50
468 81
469 57
470 43
471 9
472 86
473 75
474 40
475 84
476 74
477 36
478 55
479 58
480 86
481 21
482 42
483 54
484 5
485 64
486 81
487 49
488 88
489 51
490 56
491 38
492 54
493 65
494 36
495 90
496 66
497 76
498 82
499 74
500 48
501 90
502 68
503 63
504 19
505 50
506 73
507 68
508 4
509 9
510 10
511 76
512 69
513 52
514 41
515 82
516 72
517 77
518 43
519 54
520 41
521 56
522 69
523 68
524 22
525 30
526 17
527 55
528 65
529 88
530 87
531 85
532 75
533 46
534 40
535 1
536 59
537 45
538 65
539 69
540 34
541 66
542 50
543 32
544 35
545 43
546 47
547 83
548 65
549 28
550 46
551 53
552 35
553 75
554 46
555 36
556 39
557 46
558 15
559 87
560 48
561 70
562 77
563 23
564 94
565 91
566 70
567 38
568 34
569 81
570 94
571 67
572 40
573 80
574 58
575 78
576 66
577 75
578 36
579 75
580 24
581 38
582 37
583 80
584 52
585 24
586 78
587 79
588 37
589 45
590 34
591 92
592 80
593 93
594 71
595 66
596 89
597 32
598 76
599 61
