600 200 161730 90.0 579 509
0 50
1 40
2 23
3 41
4 2
5 58
6 3
7 37
8 55
9 55
10 56
11 18
12 28
13 10
14 47
15 19
16 1
17 6
18 27
19 11
20 34
21 19
22 61
23 45
24 33
25 57
26 58
27 37
28 18
29 31
30 42
31 8
32 44
33 25
34 9
35 25
36 46
37 46
38 12
39 15
40 4
41 21
42 33
43 8
44 21
45 14
46 84
47 2
48 62
49 53
50 63
51 60
52 15
53 26
54 40
55 45
56 17
57 32
58 28
59 13
60 38
61 23
62 34
63 25
64 5
65 22
66 7
67 65
68 5
69 33
70 45
71 41
72 61
73 9
74 16
75 26
76 14
77 41
78 49
79 12
80 6
81 39
82 53
83 31
84 48
85 16
86 7
87 22
88 48
89 24
90 34
91 20
92 40
93 29
94 51
95 3
96 17
97 59
98 67
99 65
100 27
101 24
102 42
103 1
104 4
105 54
106 50
107 20
108 30
109 55
110 56
111 12
112 35
113 36
114 32
115 13
116 47
117 34
118 52
119 43
120 39
121 35
122 29
123 10
124 52
125 48
126 36
127 26
128 38
129 47
130 49
131 9
132 11
133 167
134 139
135 123
136 109
137 135
138 185
139 91
140 129
141 116
142 181
143 52
144 170
145 98
146 183
147 66
148 72
149 132
150 81
151 131
152 50
153 184
154 75
155 97
156 6
157 169
158 48
159 108
160 16
161 159
162 107
163 122
164 53
165 106
166 103
167 127
168 128
169 80
170 186
171 162
172 83
173 100
174 142
175 69
176 36
177 193
178 185
179 82
180 118
181 145
182 142
183 188
184 133
185 165
186 93
187 102
188 64
189 182
190 15
191 161
192 130
193 43
194 153
195 126
196 89
197 78
198 127
199 108
200 117
201 153
202 101
203 179
204 92
205 88
206 30
207 139
208 100
209 19
210 172
211 153
212 135
213 86
214 151
215 157
216 117
217 169
218 188
219 144
220 116
221 60
222 119
223 57
224 18
225 125
226 181
227 122
228 171
229 156
230 69
231 125
232 192
233 148
234 105
235 198
236 114
237 166
238 29
239 174
240 187
241 64
242 128
243 118
244 119
245 52
246 74
247 95
248 63
249 150
250 66
251 89
252 180
253 196
254 71
255 158
256 87
257 145
258 90
259 133
260 44
261 122
262 134
263 157
264 68
265 80
266 141
267 91
268 147
269 175
270 90
271 23
272 91
273 190
274 39
275 86
276 121
277 104
278 155
279 152
280 71
281 77
282 183
283 103
284 111
285 49
286 137
287 93
288 132
289 130
290 178
291 38
292 156
293 199
294 160
295 79
296 191
297 175
298 184
299 157
300 94
301 134
302 112
303 155
304 64
305 35
306 158
307 72
308 51
309 158
310 188
311 115
312 134
313 122
314 198
315 146
316 147
317 123
318 50
319 83
320 125
321 173
322 110
323 160
324 177
325 56
326 74
327 14
328 73
329 82
330 120
331 78
332 193
333 161
334 86
335 173
336 174
337 164
338 59
339 195
340 120
341 182
342 97
343 73
344 173
345 192
346 193
347 166
348 78
349 178
350 9
351 116
352 129
353 58
354 51
355 106
356 192
357 124
358 118
359 65
360 184
361 138
362 149
363 92
364 85
365 54
366 69
367 87
368 61
369 121
370 175
371 156
372 165
373 154
374 102
375 154
376 194
377 86
378 149
379 92
380 111
381 146
382 97
383 99
384 167
385 54
386 168
387 174
388 171
389 62
390 195
391 105
392 110
393 107
394 150
395 67
396 190
397 76
398 137
399 31
400 179
401 132
402 168
403 71
404 169
405 127
406 160
407 96
408 106
409 73
410 170
411 129
412 72
413 113
414 85
415 137
416 6
417 141
418 162
419 124
420 167
421 4
422 130
423 163
424 194
425 40
426 168
427 89
428 159
429 131
430 82
431 76
432 95
433 88
434 140
435 75
436 103
437 108
438 170
439 128
440 94
441 22
442 75
443 76
444 107
445 44
446 149
447 32
448 124
449 92
450 77
451 59
452 77
453 123
454 28
455 113
456 74
457 153
458 146
459 140
460 172
461 13
462 129
463 114
464 154
465 74
466 136
467 164
468 112
469 66
470 120
471 110
472 43
473 147
474 101
475 162
476 98
477 179
478 104
479 98
480 87
481 176
482 67
483 197
484 80
485 186
486 114
487 95
488 126
489 200
490 176
491 102
492 140
493 133
494 151
495 132
496 145
497 187
498 69
499 189
500 63
501 119
502 166
503 97
504 158
505 104
506 143
507 144
508 85
509 87
510 85
511 177
512 84
513 152
514 126
515 150
516 171
517 117
518 101
519 182
520 62
521 72
522 99
523 141
524 37
525 100
526 94
527 79
528 159
529 90
530 35
531 176
532 70
533 165
534 73
535 24
536 115
537 60
538 88
539 79
540 181
541 108
542 138
543 110
544 113
545 148
546 70
547 143
548 130
549 111
550 161
551 70
552 152
553 5
554 99
555 179
556 127
557 57
558 144
559 180
560 93
561 103
562 83
563 84
564 131
565 105
566 139
567 17
568 105
569 109
570 191
571 195
572 148
573 30
574 125
575 138
576 163
577 136
578 114
579 77
580 163
581 115
582 109
583 81
584 142
585 68
586 121
587 68
588 112
589 136
590 133
591 81
592 196
593 96
594 189
595 164
596 146
597 172
598 96
599 143
