600 65 71880 40.0 202 275
0 27
1 33
2 19
3 49
4 17
5 49
6 49
7 46
8 59
9 39
10 61
11 33
12 2
13 38
14 16
15 45
16 42
17 54
18 2
19 31
20 53
21 37
22 54
23 27
24 42
25 1
26 24
27 12
28 5
29 10
30 26
31 51
32 33
33 63
34 20
35 14
36 18
37 18
38 28
39 22
40 22
41 57
42 47
43 50
44 4
45 38
46 48
47 53
48 56
49 7
50 62
51 37
52 56
53 54
54 34
55 4
56 43
57 41
58 6
59 21
60 12
61 11
62 54
63 19
64 34
65 32
66 46
67 59
68 24
69 1
70 36
71 27
72 49
73 64
74 40
75 14
76 51
77 4
78 4
79 32
80 26
81 34
82 53
83 24
84 18
85 51
86 54
87 29
88 30
89 45
90 9
91 11
92 44
93 2
94 23
95 20
96 9
97 11
98 45
99 18
100 26
101 18
102 5
103 6
104 37
105 30
106 52
107 22
108 28
109 48
110 20
111 3
112 62
113 3
114 55
115 31
116 42
117 27
118 54
119 37
120 5
121 22
122 38
123 18
124 41
125 52
126 14
127 17
128 17
129 27
130 15
131 1
132 4
133 23
134 50
135 44
136 27
137 52
138 6
139 8
140 28
141 3
142 12
143 9
144 35
145 63
146 35
147 62
148 2
149 19
150 10
151 37
152 21
153 40
154 53
155 42
156 1
157 19
158 9
159 51
160 12
161 64
162 36
163 7
164 29
165 56
166 26
167 29
168 1
169 55
170 10
171 48
172 13
173 43
174 44
175 2
176 41
177 37
178 43
179 44
180 24
181 62
182 50
183 28
184 26
185 58
186 9
187 65
188 35
189 30
190 32
191 57
192 56
193 33
194 24
195 61
196 40
197 31
198 19
199 31
200 4
201 16
202 35
203 35
204 23
205 8
206 26
207 46
208 31
209 42
210 28
211 14
212 47
213 5
214 25
215 22
216 56
217 38
218 9
219 56
220 60
221 11
222 14
223 3
224 37
225 50
226 45
227 52
228 26
229 56
230 45
231 55
232 23
233 17
234 23
235 3
236 62
237 4
238 6
239 17
240 50
241 15
242 21
243 52
244 33
245 32
246 48
247 46
248 45
249 28
250 17
251 10
252 55
253 39
254 27
255 9
256 16
257 34
258 38
259 36
260 60
261 50
262 24
263 57
264 9
265 2
266 46
267 15
268 26
269 41
270 46
271 44
272 1
273 48
274 12
275 47
276 41
277 8
278 30
279 41
280 21
281 40
282 5
283 6
284 7
285 58
286 16
287 42
288 36
289 37
290 48
291 26
292 21
293 50
294 2
295 33
296 27
297 43
298 64
299 15
300 16
301 54
302 29
303 61
304 49
305 49
306 31
307 23
308 59
309 55
310 46
311 6
312 55
313 12
314 46
315 59
316 49
317 18
318 39
319 13
320 24
321 3
322 8
323 20
324 33
325 36
326 8
327 45
328 51
329 38
330 10
331 23
332 10
333 3
334 30
335 45
336 22
337 24
338 41
339 57
340 11
341 13
342 50
343 62
344 48
345 11
346 36
347 8
348 20
349 51
350 53
351 25
352 30
353 13
354 17
355 9
356 29
357 31
358 44
359 52
360 8
361 54
362 23
363 22
364 56
365 25
366 45
367 58
368 16
369 32
370 39
371 53
372 17
373 13
374 46
375 1
376 43
377 40
378 40
379 40
380 30
381 43
382 34
383 4
384 44
385 64
386 37
387 52
388 52
389 29
390 53
391 9
392 34
393 58
394 25
395 13
396 20
397 10
398 28
399 38
400 17
401 16
402 25
403 39
404 43
405 52
406 29
407 47
408 36
409 53
410 53
411 1
412 30
413 34
414 35
415 11
416 27
417 10
418 8
419 60
420 20
421 47
422 2
423 10
424 14
425 15
426 59
427 7
428 37
429 36
430 47
431 48
432 24
433 15
434 19
435 6
436 39
437 32
438 18
439 2
440 4
441 8
442 34
443 61
444 17
445 23
446 41
447 24
448 5
449 16
450 37
451 42
452 28
453 32
454 20
455 11
456 44
457 32
458 30
459 7
460 39
461 35
462 29
463 36
464 25
465 21
466 50
467 19
468 11
469 63
470 55
471 37
472 13
473 42
474 63
475 12
476 20
477 22
478 7
479 43
480 30
481 20
482 5
483 7
484 12
485 25
486 35
487 55
488 21
489 33
490 57
491 40
492 22
493 27
494 29
495 57
496 18
497 28
498 13
499 43
500 3
501 39
502 47
503 15
504 46
505 62
506 31
507 6
508 17
509 25
510 10
511 49
512 41
513 15
514 19
515 21
516 5
517 5
518 23
519 12
520 1
521 5
522 2
523 57
524 4
525 56
526 15
527 45
528 3
529 22
530 56
531 39
532 6
533 19
534 19
535 40
536 11
537 54
538 5
539 31
540 50
541 50
542 4
543 53
544 36
545 49
546 14
547 7
548 6
549 47
550 23
551 21
552 31
553 57
554 14
555 43
556 62
557 12
558 15
559 7
560 21
561 26
562 38
563 51
564 13
565 11
566 29
567 13
568 26
569 39
570 1
571 7
572 56
573 1
574 35
575 34
576 25
577 10
578 49
579 9
580 39
581 25
582 48
583 58
584 29
585 58
586 58
587 16
588 15
589 8
590 14
591 36
592 35
593 25
594 48
595 60
596 16
597 18
598 15
599 32
