600 69 71880 40.0 202 275
0 43
1 41
2 36
3 9
4 39
5 27
6 28
7 33
8 12
9 19
10 10
11 38
12 61
13 28
14 19
15 15
16 40
17 8
18 61
19 37
20 26
21 5
22 10
23 9
24 32
25 66
26 41
27 55
28 40
29 53
30 41
31 27
32 40
33 6
34 10
35 40
36 48
37 54
38 2
39 20
40 39
41 6
42 28
43 11
44 23
45 33
46 7
47 3
48 5
49 8
50 2
51 16
52 6
53 2
54 41
55 69
56 1
57 33
58 53
59 37
60 41
61 51
62 1
63 33
64 32
65 36
66 25
67 8
68 47
69 67
70 41
71 12
72 2
73 5
74 33
75 52
76 17
77 42
78 49
79 7
80 40
81 42
82 1
83 46
84 46
85 17
86 20
87 42
88 21
89 25
90 51
91 59
92 15
93 63
94 51
95 43
96 35
97 51
98 26
99 57
100 13
101 34
102 14
103 48
104 37
105 9
106 25
107 10
108 17
109 1
110 51
111 68
112 5
113 15
114 20
115 16
116 5
117 47
118 1
119 34
120 44
121 49
122 38
123 15
124 23
125 18
126 52
127 54
128 56
129 9
130 46
131 34
132 43
133 50
134 18
135 21
136 52
137 22
138 62
139 26
140 38
141 58
142 10
143 50
144 15
145 3
146 4
147 5
148 36
149 52
150 55
151 19
152 54
153 31
154 2
155 25
156 1
157 47
158 65
159 23
160 52
161 1
162 21
163 34
164 15
165 16
166 18
167 40
168 31
169 16
170 57
171 27
172 49
173 31
174 31
175 31
176 8
177 18
178 32
179 16
180 6
181 1
182 19
183 7
184 44
185 17
186 41
187 4
188 9
189 10
190 25
191 4
192 16
193 17
194 43
195 11
196 35
197 42
198 52
199 20
200 2
201 61
202 44
203 45
204 50
205 63
206 38
207 18
208 21
209 36
210 30
211 24
212 19
213 54
214 46
215 36
216 2
217 37
218 63
219 17
220 6
221 31
222 57
223 60
224 40
225 3
226 17
227 18
228 33
229 16
230 21
231 21
232 51
233 56
234 44
235 29
236 1
237 44
238 19
239 56
240 29
241 7
242 46
243 22
244 39
245 25
246 16
247 14
248 9
249 49
250 11
251 64
252 14
253 22
254 29
255 32
256 52
257 31
258 37
259 30
260 13
261 24
262 12
263 14
264 25
265 64
266 11
267 55
268 26
269 11
270 13
271 20
272 60
273 26
274 8
275 20
276 38
277 48
278 20
279 35
280 53
281 37
282 54
283 11
284 47
285 12
286 53
287 31
288 38
289 13
290 4
291 35
292 19
293 3
294 35
295 41
296 47
297 30
298 1
299 14
300 48
301 14
302 36
303 13
304 13
305 12
306 39
307 7
308 15
309 3
310 7
311 63
312 16
313 22
314 28
315 15
316 30
317 57
318 24
319 34
320 23
321 58
322 56
323 54
324 33
325 6
326 66
327 16
328 1
329 3
330 16
331 37
332 23
333 58
334 45
335 29
336 11
337 10
338 32
339 5
340 45
341 59
342 20
343 7
344 4
345 57
346 6
347 65
348 10
349 22
350 18
351 24
352 45
353 54
354 38
355 11
356 36
357 4
358 21
359 15
360 61
361 19
362 4
363 19
364 6
365 2
366 27
367 3
368 32
369 48
370 7
371 9
372 28
373 59
374 29
375 23
376 23
377 38
378 8
379 27
380 42
381 20
382 30
383 55
384 31
385 11
386 40
387 19
388 15
389 50
390 18
391 32
392 25
393 10
394 51
395 60
396 51
397 32
398 24
399 1
400 37
401 59
402 8
403 30
404 30
405 15
406 39
407 5
408 25
409 20
410 26
411 8
412 45
413 43
414 35
415 34
416 12
417 40
418 46
419 4
420 12
421 28
422 53
423 54
424 53
425 19
426 14
427 41
428 27
429 35
430 4
431 7
432 31
433 48
434 40
435 67
436 37
437 28
438 25
439 64
440 27
441 59
442 42
443 9
444 56
445 39
446 41
447 43
448 58
449 27
450 26
451 5
452 43
453 48
454 44
455 47
456 2
457 9
458 39
459 34
460 11
461 33
462 32
463 17
464 48
465 17
466 9
467 55
468 20
469 3
470 16
471 5
472 24
473 7
474 10
475 10
476 50
477 30
478 64
479 6
480 45
481 23
482 62
483 36
484 29
485 12
486 42
487 21
488 10
489 4
490 6
491 22
492 49
493 8
494 6
495 12
496 58
497 50
498 49
499 17
500 18
501 14
502 34
503 55
504 32
505 1
506 46
507 7
508 49
509 38
510 57
511 26
512 29
513 13
514 4
515 56
516 66
517 8
518 26
519 47
520 57
521 61
522 26
523 14
524 62
525 3
526 27
527 2
528 65
529 39
530 9
531 34
532 42
533 44
534 52
535 33
536 35
537 21
538 2
539 43
540 22
541 22
542 62
543 18
544 29
545 8
546 29
547 24
548 17
549 32
550 11
551 4
552 46
553 14
554 57
555 34
556 5
557 58
558 28
559 53
560 45
561 38
562 36
563 25
564 60
565 13
566 22
567 24
568 51
569 36
570 60
571 63
572 3
573 60
574 12
575 31
576 23
577 50
578 3
579 50
580 21
581 33
582 2
583 7
584 8
585 9
586 12
587 61
588 43
589 49
590 55
591 13
592 29
593 24
594 24
595 15
596 46
597 30
598 13
599 1
