600 68 71880 40.0 202 275
0 58
1 2
2 15
3 15
4 11
5 1
6 18
7 2
8 23
9 11
10 29
11 60
12 17
13 34
14 34
15 27
16 10
17 35
18 50
19 62
20 39
21 27
22 26
23 6
24 26
25 46
26 48
27 57
28 47
29 25
30 12
31 1
32 9
33 32
34 16
35 20
36 5
37 2
38 8
39 67
40 14
41 18
42 23
43 19
44 14
45 59
46 12
47 3
48 30
49 33
50 11
51 27
52 39
53 10
54 5
55 24
56 56
57 25
58 47
59 42
60 53
61 37
62 9
63 46
64 61
65 54
66 57
67 52
68 41
69 37
70 5
71 66
72 8
73 7
74 53
75 63
76 40
77 52
78 28
79 54
80 18
81 46
82 35
83 29
84 58
85 26
86 10
87 56
88 20
89 11
90 14
91 23
92 20
93 3
94 14
95 20
96 28
97 38
98 33
99 11
100 50
101 22
102 42
103 55
104 8
105 27
106 52
107 14
108 39
109 12
110 54
111 26
112 59
113 57
114 26
115 48
116 49
117 17
118 19
119 32
120 35
121 14
122 36
123 6
124 19
125 61
126 34
127 64
128 19
129 19
130 13
131 28
132 4
133 33
134 28
135 17
136 63
137 61
138 52
139 38
140 26
141 44
142 9
143 41
144 32
145 23
146 46
147 62
148 7
149 24
150 27
151 16
152 6
153 10
154 30
155 38
156 66
157 5
158 48
159 23
160 47
161 9
162 1
163 4
164 44
165 18
166 35
167 20
168 10
169 26
170 52
171 39
172 24
173 5
174 16
175 9
176 38
177 2
178 55
179 20
180 16
181 27
182 39
183 45
184 8
185 2
186 22
187 44
188 49
189 15
190 35
191 43
192 22
193 9
194 31
195 8
196 9
197 53
198 5
199 58
200 7
201 16
202 22
203 51
204 54
205 5
206 12
207 13
208 38
209 29
210 58
211 56
212 23
213 27
214 43
215 42
216 8
217 52
218 28
219 1
220 32
221 10
222 53
223 54
224 2
225 43
226 39
227 45
228 2
229 20
230 57
231 8
232 30
233 27
234 50
235 16
236 5
237 3
238 55
239 51
240 46
241 9
242 24
243 7
244 40
245 43
246 36
247 23
248 34
249 53
250 35
251 36
252 60
253 17
254 2
255 30
256 33
257 17
258 4
259 24
260 12
261 25
262 30
263 12
264 6
265 34
266 5
267 18
268 21
269 10
270 50
271 59
272 22
273 68
274 34
275 10
276 24
277 17
278 1
279 38
280 27
281 16
282 47
283 48
284 18
285 15
286 3
287 11
288 19
289 37
290 55
291 62
292 23
293 55
294 36
295 50
296 18
297 51
298 5
299 8
300 32
301 65
302 31
303 1
304 35
305 8
306 25
307 4
308 29
309 14
310 67
311 65
312 45
313 25
314 42
315 59
316 25
317 6
318 40
319 37
320 48
321 15
322 30
323 35
324 18
325 20
326 21
327 42
328 22
329 37
330 18
331 56
332 38
333 39
334 47
335 64
336 1
337 48
338 28
339 21
340 33
341 12
342 15
343 9
344 38
345 52
346 4
347 13
348 33
349 43
350 8
351 29
352 29
353 56
354 44
355 44
356 49
357 51
358 3
359 11
360 17
361 31
362 7
363 13
364 10
365 62
366 22
367 24
368 7
369 45
370 6
371 28
372 25
373 52
374 49
375 19
376 32
377 12
378 46
379 29
380 41
381 51
382 42
383 43
384 6
385 1
386 45
387 47
388 53
389 20
390 3
391 5
392 49
393 32
394 14
395 42
396 13
397 26
398 30
399 25
400 7
401 12
402 37
403 38
404 43
405 6
406 44
407 3
408 62
409 58
410 12
411 39
412 4
413 37
414 51
415 57
416 19
417 45
418 34
419 3
420 28
421 15
422 55
423 2
424 31
425 55
426 21
427 15
428 33
429 35
430 3
431 41
432 36
433 17
434 21
435 31
436 40
437 35
438 58
439 40
440 53
441 13
442 51
443 60
444 23
445 36
446 4
447 13
448 59
449 20
450 56
451 21
452 14
453 41
454 33
455 12
456 65
457 1
458 26
459 15
460 54
461 27
462 7
463 40
464 6
465 32
466 24
467 19
468 58
469 14
470 21
471 47
472 7
473 60
474 4
475 23
476 10
477 31
478 54
479 9
480 17
481 48
482 46
483 5
484 21
485 49
486 22
487 40
488 61
489 16
490 36
491 10
492 9
493 25
494 56
495 40
496 48
497 11
498 41
499 24
500 11
501 36
502 36
503 44
504 33
505 4
506 47
507 24
508 49
509 7
510 43
511 27
512 36
513 43
514 64
515 59
516 66
517 39
518 11
519 31
520 30
521 31
522 63
523 8
524 33
525 60
526 30
527 2
528 46
529 40
530 4
531 63
532 22
533 50
534 42
535 18
536 58
537 1
538 22
539 32
540 13
541 59
542 45
543 11
544 28
545 19
546 28
547 57
548 34
549 50
550 63
551 13
552 39
553 57
554 15
555 25
556 47
557 37
558 16
559 5
560 21
561 55
562 16
563 26
564 33
565 6
566 42
567 37
568 17
569 40
570 4
571 34
572 8
573 29
574 19
575 37
576 16
577 51
578 15
579 31
580 49
581 21
582 8
583 7
584 2
585 41
586 61
587 65
588 30
589 20
590 13
591 20
592 64
593 14
594 45
595 24
596 50
597 44
598 1
599 60
