600 101 107820 60.0 322 390
0 55
1 34
2 28
3 25
4 32
5 9
6 5
7 95
8 1
9 18
10 38
11 40
12 79
13 6
14 20
15 54
16 81
17 98
18 43
19 13
20 34
21 84
22 17
23 39
24 59
25 52
26 30
27 66
28 96
29 67
30 77
31 93
32 63
33 23
34 10
35 34
36 89
37 13
38 15
39 52
40 72
41 16
42 2
43 26
44 37
45 76
46 93
47 76
48 67
49 35
50 91
51 39
52 29
53 53
54 83
55 3
56 101
57 7
58 4
59 71
60 22
61 62
62 58
63 85
64 23
65 15
66 76
67 60
68 36
69 37
70 48
71 40
72 87
73 8
74 83
75 10
76 32
77 48
78 70
79 12
80 41
81 60
82 62
83 78
84 36
85 80
86 38
87 53
88 84
89 52
90 64
91 33
92 2
93 31
94 52
95 69
96 14
97 82
98 6
99 93
100 22
101 51
102 83
103 69
104 52
105 18
106 15
107 47
108 88
109 56
110 38
111 79
112 23
113 57
114 12
115 32
116 24
117 42
118 53
119 58
120 55
121 18
122 60
123 35
124 90
125 1
126 88
127 28
128 72
129 58
130 4
131 38
132 91
133 10
134 49
135 16
136 66
137 20
138 69
139 24
140 77
141 47
142 44
143 28
144 28
145 48
146 64
147 66
148 54
149 33
150 91
151 60
152 25
153 46
154 32
155 42
156 57
157 68
158 69
159 37
160 71
161 30
162 88
163 43
164 75
165 74
166 70
167 69
168 71
169 92
170 83
171 26
172 49
173 22
174 71
175 3
176 78
177 101
178 8
179 74
180 7
181 33
182 47
183 89
184 38
185 28
186 82
187 9
188 15
189 4
190 24
191 10
192 64
193 49
194 66
195 100
196 31
197 78
198 63
199 21
200 46
201 94
202 12
203 67
204 21
205 45
206 57
207 30
208 9
209 86
210 63
211 7
212 57
213 41
214 65
215 50
216 24
217 20
218 53
219 36
220 17
221 8
222 63
223 44
224 81
225 77
226 67
227 7
228 30
229 85
230 100
231 39
232 28
233 31
234 74
235 5
236 35
237 46
238 27
239 79
240 24
241 80
242 74
243 56
244 84
245 19
246 85
247 89
248 26
249 8
250 39
251 42
252 50
253 27
254 2
255 12
256 96
257 62
258 5
259 11
260 26
261 24
262 94
263 32
264 1
265 31
266 91
267 13
268 6
269 47
270 18
271 18
272 39
273 14
274 23
275 82
276 93
277 5
278 59
279 70
280 82
281 87
282 36
283 30
284 65
285 70
286 2
287 73
288 77
289 25
290 4
291 44
292 75
293 86
294 80
295 1
296 10
297 21
298 57
299 92
300 78
301 44
302 29
303 86
304 49
305 48
306 85
307 36
308 61
309 48
310 17
311 14
312 31
313 27
314 62
315 23
316 94
317 10
318 45
319 58
320 43
321 39
322 79
323 83
324 33
325 51
326 17
327 61
328 31
329 29
330 89
331 16
332 21
333 66
334 67
335 35
336 71
337 28
338 91
339 56
340 12
341 75
342 72
343 18
344 17
345 19
346 59
347 73
348 46
349 67
350 13
351 90
352 33
353 77
354 86
355 6
356 38
357 22
358 8
359 87
360 29
361 21
362 11
363 95
364 72
365 58
366 80
367 17
368 97
369 10
370 99
371 14
372 97
373 64
374 40
375 42
376 84
377 55
378 25
379 49
380 39
381 13
382 57
383 56
384 16
385 91
386 21
387 60
388 63
389 80
390 51
391 68
392 66
393 61
394 41
395 50
396 15
397 42
398 58
399 69
400 61
401 51
402 60
403 33
404 40
405 44
406 85
407 27
408 53
409 35
410 80
411 35
412 7
413 11
414 70
415 72
416 1
417 16
418 38
419 26
420 68
421 33
422 8
423 54
424 46
425 25
426 49
427 5
428 34
429 54
430 82
431 16
432 65
433 65
434 18
435 59
436 11
437 55
438 40
439 62
440 92
441 26
442 27
443 34
444 1
445 14
446 45
447 75
448 26
449 45
450 46
451 7
452 29
453 44
454 90
455 86
456 73
457 19
458 21
459 65
460 22
461 81
462 79
463 37
464 4
465 96
466 70
467 5
468 86
469 15
470 37
471 41
472 76
473 88
474 76
475 6
476 40
477 32
478 9
479 92
480 92
481 7
482 62
483 51
484 29
485 20
486 29
487 3
488 3
489 81
490 53
491 25
492 81
493 3
494 51
495 23
496 73
497 62
498 3
499 73
500 79
501 9
502 56
503 56
504 20
505 34
506 55
507 50
508 11
509 45
510 44
511 30
512 13
513 51
514 54
515 17
516 87
517 19
518 27
519 36
520 19
521 16
522 30
523 100
524 64
525 36
526 94
527 70
528 25
529 12
530 55
531 98
532 93
533 6
534 47
535 90
536 68
537 3
538 75
539 78
540 11
541 72
542 2
543 74
544 40
545 66
546 42
547 54
548 52
549 45
550 61
551 46
552 83
553 22
554 19
555 9
556 81
557 68
558 6
559 43
560 87
561 83
562 28
563 43
564 51
565 69
566 71
567 41
568 35
569 73
570 80
571 72
572 4
573 8
574 34
575 37
576 95
577 61
578 2
579 45
580 53
581 59
582 82
583 84
584 77
585 64
586 7
587 65
588 7
589 95
590 50
591 3
592 38
593 20
594 97
595 2
596 56
597 63
598 81
599 43
