600 103 107820 60.0 322 390
0 34
1 42
2 74
3 76
4 82
5 76
6 48
7 10
8 82
9 68
10 80
11 3
12 10
13 42
14 34
15 4
16 33
17 2
18 58
19 48
20 26
21 4
22 85
23 47
24 48
25 53
26 78
27 30
28 14
29 41
30 6
31 7
32 37
33 25
34 11
35 76
36 17
37 98
38 40
39 67
40 16
41 52
42 29
43 79
44 13
45 32
46 3
47 41
48 47
49 49
50 1
51 66
52 70
53 45
54 30
55 90
56 5
57 67
58 90
59 21
60 83
61 18
62 60
63 28
64 81
65 96
66 11
67 21
68 63
69 72
70 57
71 64
72 23
73 16
74 20
75 35
76 88
77 61
78 15
79 28
80 43
81 40
82 39
83 36
84 54
85 39
86 23
87 65
88 23
89 62
90 47
91 82
92 101
93 48
94 56
95 9
96 65
97 16
98 96
99 7
100 66
101 64
102 6
103 45
104 42
105 62
106 90
107 65
108 23
109 10
110 70
111 19
112 61
113 43
114 95
115 74
116 77
117 21
118 61
119 11
120 1
121 93
122 59
123 47
124 1
125 102
126 20
127 81
128 26
129 51
130 88
131 5
132 18
133 35
134 72
135 20
136 56
137 25
138 34
139 31
140 14
141 37
142 15
143 3
144 64
145 50
146 43
147 14
148 55
149 22
150 10
151 40
152 24
153 20
154 50
155 59
156 30
157 32
158 50
159 73
160 44
161 78
162 23
163 67
164 43
165 24
166 46
167 34
168 8
169 6
170 28
171 29
172 68
173 59
174 35
175 87
176 39
177 6
178 94
179 39
180 95
181 83
182 27
183 17
184 7
185 83
186 30
187 13
188 3
189 99
190 88
191 72
192 49
193 52
194 46
195 8
196 24
197 5
198 24
199 59
200 20
201 5
202 41
203 32
204 2
205 37
206 51
207 89
208 98
209 2
210 19
211 61
212 31
213 69
214 20
215 48
216 77
217 91
218 25
219 79
220 60
221 94
222 7
223 3
224 32
225 27
226 32
227 60
228 72
229 1
230 1
231 44
232 72
233 29
234 25
235 87
236 53
237 48
238 80
239 23
240 51
241 26
242 44
243 55
244 32
245 92
246 22
247 17
248 31
249 67
250 74
251 56
252 66
253 59
254 97
255 97
256 4
257 45
258 93
259 94
260 70
261 7
262 4
263 80
264 91
265 55
266 12
267 42
268 53
269 14
270 68
271 80
272 74
273 55
274 86
275 9
276 18
277 85
278 53
279 31
280 19
281 16
282 66
283 54
284 51
285 46
286 81
287 10
288 31
289 1
290 69
291 38
292 38
293 21
294 31
295 3
296 84
297 18
298 61
299 19
300 15
301 15
302 56
303 7
304 12
305 46
306 10
307 16
308 18
309 57
310 69
311 66
312 85
313 53
314 33
315 86
316 13
317 85
318 71
319 58
320 71
321 49
322 30
323 26
324 79
325 26
326 85
327 36
328 71
329 44
330 25
331 86
332 91
333 52
334 40
335 69
336 24
337 84
338 2
339 19
340 83
341 13
342 43
343 93
344 49
345 69
346 38
347 6
348 36
349 9
350 92
351 9
352 35
353 42
354 9
355 82
356 77
357 38
358 6
359 5
360 90
361 27
362 37
363 12
364 41
365 58
366 19
367 45
368 8
369 23
370 11
371 55
372 12
373 25
374 76
375 7
376 26
377 58
378 1
379 54
380 55
381 75
382 52
383 33
384 78
385 22
386 91
387 56
388 54
389 37
390 20
391 10
392 24
393 29
394 75
395 62
396 60
397 48
398 51
399 39
400 53
401 27
402 40
403 66
404 17
405 67
406 3
407 70
408 60
409 79
410 22
411 81
412 95
413 99
414 31
415 40
416 88
417 43
418 73
419 43
420 49
421 11
422 29
423 16
424 33
425 84
426 42
427 102
428 86
429 57
430 11
431 3
432 37
433 37
434 77
435 32
436 39
437 58
438 75
439 27
440 6
441 2
442 30
443 76
444 78
445 70
446 65
447 14
448 35
449 27
450 36
451 29
452 57
453 68
454 21
455 2
456 5
457 89
458 51
459 14
460 40
461 12
462 19
463 81
464 63
465 4
466 24
467 92
468 11
469 87
470 38
471 60
472 36
473 29
474 13
475 68
476 17
477 63
478 98
479 7
480 13
481 35
482 55
483 47
484 85
485 34
486 69
487 30
488 90
489 28
490 18
491 64
492 28
493 82
494 46
495 78
496 27
497 22
498 103
499 18
500 33
501 89
502 54
503 11
504 9
505 65
506 63
507 49
508 99
509 27
510 71
511 45
512 66
513 60
514 50
515 17
516 21
517 79
518 73
519 63
520 75
521 52
522 65
523 1
524 42
525 50
526 15
527 44
528 72
529 67
530 56
531 2
532 7
533 100
534 69
535 16
536 41
537 28
538 25
539 24
540 83
541 5
542 100
543 34
544 38
545 41
546 45
547 62
548 61
549 37
550 28
551 74
552 8
553 89
554 92
555 94
556 33
557 48
558 53
559 12
560 26
561 21
562 34
563 73
564 8
565 9
566 8
567 36
568 82
569 8
570 22
571 15
572 98
573 96
574 15
575 62
576 17
577 54
578 87
579 64
580 57
581 13
582 4
583 4
584 36
585 50
586 84
587 42
588 75
589 16
590 52
591 73
592 44
593 71
594 12
595 101
596 52
597 10
598 14
599 38
