600 103 107820 60.0 322 390
0 46
1 47
2 13
3 38
4 40
5 63
6 62
7 86
8 74
9 44
10 62
11 11
12 8
13 32
14 92
15 40
16 80
17 28
18 1
19 55
20 17
21 4
22 57
23 6
24 40
25 86
26 43
27 11
28 31
29 88
30 20
31 22
32 74
33 93
34 36
35 5
36 38
37 4
38 76
39 55
40 50
41 87
42 97
43 67
44 2
45 58
46 20
47 31
48 63
49 13
50 33
51 9
52 18
53 34
54 30
55 31
56 85
57 79
58 60
59 30
60 48
61 49
62 69
63 25
64 86
65 67
66 39
67 29
68 73
69 29
70 36
71 21
72 70
73 20
74 1
75 73
76 9
77 73
78 27
79 93
80 61
81 80
82 75
83 78
84 3
85 41
86 29
87 34
88 18
89 6
90 2
91 90
92 7
93 62
94 30
95 8
96 58
97 4
98 25
99 7
100 65
101 47
102 93
103 28
104 32
105 68
106 60
107 37
108 34
109 37
110 89
111 8
112 27
113 10
114 42
115 21
116 48
117 63
118 7
119 73
120 3
121 19
122 19
123 13
124 49
125 87
126 68
127 57
128 66
129 32
130 11
131 16
132 61
133 85
134 11
135 80
136 103
137 55
138 53
139 53
140 25
141 81
142 75
143 46
144 102
145 94
146 60
147 43
148 54
149 41
150 30
151 48
152 98
153 25
154 19
155 95
156 52
157 53
158 69
159 96
160 11
161 5
162 6
163 71
164 78
165 88
166 31
167 37
168 38
169 48
170 39
171 50
172 70
173 3
174 57
175 58
176 2
177 66
178 56
179 9
180 13
181 20
182 95
183 13
184 57
185 10
186 28
187 54
188 35
189 64
190 82
191 63
192 69
193 57
194 89
195 16
196 17
197 27
198 60
199 72
200 24
201 16
202 39
203 29
204 67
205 74
206 18
207 85
208 85
209 22
210 47
211 79
212 73
213 61
214 33
215 81
216 54
217 51
218 43
219 90
220 44
221 83
222 44
223 20
224 53
225 49
226 55
227 83
228 5
229 45
230 45
231 15
232 11
233 5
234 8
235 19
236 35
237 62
238 64
239 71
240 14
241 37
242 91
243 17
244 58
245 58
246 74
247 44
248 101
249 22
250 65
251 59
252 14
253 46
254 21
255 75
256 24
257 91
258 54
259 54
260 27
261 23
262 98
263 66
264 29
265 82
266 48
267 34
268 87
269 31
270 9
271 66
272 34
273 55
274 1
275 64
276 47
277 26
278 54
279 35
280 91
281 44
282 2
283 12
284 36
285 77
286 22
287 20
288 9
289 30
290 46
291 65
292 96
293 56
294 21
295 59
296 61
297 68
298 7
299 10
300 50
301 72
302 10
303 60
304 12
305 12
306 23
307 47
308 38
309 45
310 90
311 43
312 52
313 12
314 18
315 1
316 73
317 57
318 7
319 50
320 71
321 24
322 9
323 33
324 28
325 59
326 34
327 40
328 3
329 51
330 2
331 41
332 65
333 72
334 29
335 22
336 70
337 25
338 64
339 8
340 70
341 80
342 43
343 48
344 37
345 94
346 66
347 17
348 61
349 10
350 84
351 64
352 59
353 16
354 42
355 42
356 56
357 65
358 24
359 49
360 7
361 21
362 96
363 69
364 25
365 31
366 75
367 15
368 100
369 101
370 15
371 13
372 10
373 42
374 4
375 12
376 15
377 63
378 45
379 63
380 94
381 49
382 52
383 38
384 84
385 68
386 13
387 23
388 44
389 66
390 9
391 68
392 35
393 7
394 23
395 81
396 33
397 17
398 64
399 51
400 87
401 42
402 76
403 59
404 83
405 67
406 11
407 6
408 12
409 23
410 14
411 88
412 69
413 37
414 35
415 21
416 6
417 45
418 38
419 50
420 82
421 61
422 4
423 59
424 49
425 35
426 71
427 24
428 78
429 84
430 19
431 59
432 15
433 27
434 40
435 10
436 73
437 27
438 50
439 33
440 3
441 50
442 81
443 33
444 19
445 99
446 28
447 96
448 50
449 40
450 78
451 79
452 18
453 14
454 63
455 64
456 72
457 23
458 92
459 99
460 80
461 11
462 15
463 85
464 89
465 4
466 36
467 43
468 46
469 68
470 95
471 55
472 58
473 34
474 56
475 77
476 24
477 71
478 52
479 100
480 26
481 49
482 60
483 83
484 2
485 51
486 90
487 72
488 67
489 40
490 62
491 38
492 70
493 16
494 77
495 1
496 4
497 14
498 52
499 31
500 90
501 39
502 36
503 53
504 84
505 8
506 5
507 41
508 83
509 56
510 8
511 5
512 9
513 14
514 35
515 18
516 20
517 78
518 45
519 2
520 32
521 19
522 52
523 72
524 87
525 3
526 65
527 39
528 71
529 27
530 30
531 47
532 42
533 53
534 95
535 22
536 84
537 15
538 17
539 53
540 46
541 45
542 100
543 35
544 26
545 16
546 56
547 98
548 36
549 41
550 70
551 22
552 33
553 62
554 26
555 74
556 6
557 26
558 86
559 37
560 16
561 39
562 37
563 86
564 14
565 82
566 26
567 28
568 24
569 20
570 32
571 22
572 78
573 25
574 76
575 91
576 11
577 90
578 1
579 76
580 30
581 92
582 32
583 51
584 23
585 3
586 21
587 76
588 39
589 81
590 76
591 95
592 79
593 12
594 1
595 77
596 97
597 15
598 26
599 18
