600 198 161730 90.0 515 557
0 22
1 24
2 193
3 177
4 71
5 188
6 70
7 161
8 181
9 83
10 153
11 45
12 43
13 139
14 89
15 14
16 48
17 53
18 11
19 16
20 96
21 189
22 17
23 168
24 58
25 127
26 187
27 77
28 15
29 3
30 17
31 166
32 178
33 54
34 167
35 90
36 161
37 168
38 60
39 157
40 7
41 42
42 18
43 72
44 114
45 63
46 157
47 64
48 139
49 191
50 108
51 5
52 172
53 30
54 112
55 110
56 51
57 170
58 66
59 128
60 103
61 116
62 84
63 147
64 104
65 123
66 116
67 35
68 154
69 72
70 65
71 176
72 47
73 3
74 66
75 185
76 178
77 141
78 35
79 13
80 67
81 74
82 10
83 88
84 124
85 50
86 21
87 107
88 126
89 92
90 73
91 56
92 108
93 99
94 151
95 184
96 155
97 165
98 160
99 136
100 61
101 85
102 194
103 139
104 80
105 106
106 97
107 150
108 150
109 98
110 60
111 79
112 78
113 15
114 18
115 120
116 98
117 95
118 180
119 27
120 52
121 149
122 57
123 161
124 34
125 33
126 91
127 148
128 190
129 126
130 137
131 16
132 67
133 88
134 42
135 175
136 140
137 105
138 9
139 24
140 77
141 104
142 76
143 146
144 92
145 83
146 74
147 156
148 89
149 101
150 28
151 55
152 31
153 159
154 100
155 84
156 8
157 141
158 94
159 170
160 99
161 58
162 25
163 107
164 40
165 127
166 54
167 42
168 192
169 143
170 12
171 147
172 40
173 117
174 115
175 169
176 138
177 68
178 98
179 60
180 55
181 44
182 158
183 119
184 52
185 106
186 87
187 32
188 4
189 56
190 187
191 65
192 73
193 141
194 125
195 112
196 156
197 41
198 35
199 26
200 190
201 46
202 84
203 151
204 140
205 82
206 165
207 167
208 148
209 1
210 73
211 69
212 85
213 110
214 38
215 145
216 90
217 8
218 6
219 162
220 133
221 59
222 106
223 151
224 14
225 55
226 17
227 22
228 19
229 52
230 135
231 177
232 21
233 4
234 114
235 43
236 31
237 24
238 71
239 28
240 35
241 37
242 54
243 173
244 142
245 2
246 64
247 176
248 31
249 18
250 45
251 158
252 72
253 63
254 127
255 195
256 12
257 69
258 20
259 172
260 49
261 40
262 159
263 182
264 145
265 126
266 10
267 130
268 95
269 46
270 7
271 167
272 168
273 158
274 86
275 81
276 152
277 83
278 57
279 178
280 104
281 152
282 121
283 103
284 75
285 162
286 113
287 179
288 68
289 8
290 19
291 73
292 140
293 29
294 15
295 63
296 79
297 107
298 19
299 138
300 95
301 111
302 105
303 23
304 170
305 61
306 7
307 78
308 69
309 67
310 171
311 175
312 10
313 117
314 154
315 145
316 180
317 136
318 159
319 108
320 99
321 93
322 25
323 57
324 118
325 67
326 68
327 160
328 113
329 97
330 183
331 6
332 61
333 86
334 68
335 11
336 71
337 5
338 13
339 182
340 179
341 6
342 5
343 38
344 80
345 82
346 192
347 62
348 149
349 152
350 80
351 149
352 142
353 94
354 32
355 183
356 49
357 59
358 39
359 30
360 144
361 93
362 120
363 51
364 143
365 109
366 51
367 97
368 144
369 47
370 53
371 174
372 174
373 11
374 103
375 125
376 74
377 129
378 34
379 54
380 92
381 2
382 28
383 195
384 90
385 74
386 138
387 133
388 81
389 184
390 22
391 78
392 118
393 76
394 150
395 115
396 163
397 82
398 93
399 38
400 63
401 130
402 75
403 36
404 188
405 155
406 79
407 197
408 110
409 88
410 116
411 146
412 49
413 32
414 2
415 75
416 47
417 65
418 194
419 112
420 62
421 29
422 134
423 123
424 129
425 162
426 56
427 160
428 70
429 189
430 45
431 96
432 87
433 112
434 186
435 186
436 132
437 187
438 14
439 89
440 81
441 122
442 96
443 144
444 23
445 34
446 26
447 135
448 191
449 145
450 121
451 166
452 135
453 7
454 90
455 123
456 183
457 166
458 164
459 4
460 111
461 142
462 33
463 15
464 173
465 133
466 156
467 23
468 126
469 153
470 43
471 62
472 87
473 33
474 23
475 163
476 37
477 176
478 163
479 55
480 44
481 134
482 62
483 21
484 12
485 27
486 198
487 164
488 36
489 9
490 100
491 119
492 33
493 121
494 189
495 155
496 53
497 128
498 118
499 153
500 25
501 129
502 173
503 125
504 102
505 137
506 71
507 1
508 36
509 174
510 41
511 39
512 147
513 66
514 37
515 181
516 3
517 164
518 50
519 131
520 131
521 16
522 20
523 101
524 124
525 129
526 169
527 77
528 50
529 120
530 53
531 104
532 27
533 109
534 119
535 154
536 114
537 127
538 134
539 39
540 1
541 115
542 180
543 85
544 150
545 136
546 180
547 111
548 182
549 110
550 81
551 102
552 188
553 157
554 196
555 76
556 101
557 146
558 171
559 122
560 170
561 120
562 86
563 137
564 131
565 26
566 29
567 41
568 48
569 64
570 51
571 20
572 100
573 70
574 59
575 46
576 143
577 58
578 94
579 138
580 177
581 13
582 102
583 113
584 132
585 91
586 124
587 119
588 48
589 128
590 185
591 44
592 30
593 92
594 91
595 195
596 9
597 148
598 105
599 172
