600 209 161730 90.0 515 557
0 201
1 152
2 19
3 27
4 50
5 106
6 91
7 6
8 44
9 176
10 191
11 115
12 137
13 195
14 146
15 81
16 191
17 50
18 52
19 125
20 97
21 117
22 118
23 36
24 155
25 14
26 118
27 25
28 38
29 40
30 18
31 61
32 164
33 143
34 109
35 74
36 150
37 108
38 6
39 90
40 186
41 71
42 42
43 114
44 157
45 69
46 115
47 66
48 113
49 88
50 63
51 129
52 78
53 187
54 74
55 144
56 147
57 53
58 81
59 127
60 166
61 182
62 31
63 131
64 175
65 173
66 121
67 155
68 3
69 133
70 6
71 125
72 172
73 178
74 119
75 110
76 2
77 65
78 155
79 148
80 48
81 20
82 24
83 130
84 195
85 33
86 99
87 54
88 97
89 68
90 13
91 105
92 112
93 91
94 97
95 14
96 51
97 142
98 29
99 165
100 109
101 7
102 5
103 31
104 93
105 50
106 159
107 51
108 41
109 53
110 205
111 78
112 111
113 169
114 104
115 55
116 137
117 10
118 122
119 78
120 143
121 133
122 51
123 84
124 11
125 172
126 188
127 54
128 26
129 74
130 34
131 23
132 67
133 162
134 194
135 186
136 53
137 33
138 116
139 83
140 198
141 120
142 169
143 48
144 111
145 25
146 174
147 140
148 170
149 152
150 122
151 65
152 98
153 193
154 35
155 51
156 45
157 14
158 75
159 5
160 26
161 154
162 117
163 13
164 96
165 27
166 38
167 193
168 103
169 94
170 66
171 30
172 49
173 196
174 3
175 35
176 197
177 80
178 145
179 143
180 23
181 160
182 13
183 196
184 161
185 177
186 79
187 199
188 107
189 85
190 83
191 68
192 81
193 200
194 25
195 67
196 18
197 115
198 30
199 89
200 149
201 181
202 128
203 129
204 168
205 84
206 112
207 109
208 28
209 113
210 75
211 189
212 73
213 16
214 108
215 161
216 25
217 4
218 163
219 43
220 87
221 185
222 28
223 50
224 134
225 11
226 131
227 201
228 178
229 180
230 49
231 18
232 46
233 76
234 146
235 145
236 170
237 183
238 22
239 39
240 43
241 55
242 102
243 82
244 151
245 58
246 123
247 4
248 134
249 204
250 47
251 144
252 66
253 45
254 36
255 32
256 105
257 73
258 85
259 200
260 173
261 156
262 141
263 49
264 116
265 118
266 32
267 168
268 145
269 22
270 205
271 111
272 30
273 124
274 86
275 17
276 41
277 206
278 130
279 136
280 83
281 96
282 144
283 154
284 64
285 105
286 57
287 184
288 22
289 171
290 209
291 13
292 92
293 195
294 75
295 140
296 138
297 188
298 37
299 42
300 15
301 38
302 108
303 103
304 38
305 54
306 37
307 24
308 43
309 67
310 119
311 19
312 120
313 175
314 161
315 102
316 41
317 3
318 91
319 89
320 17
321 88
322 71
323 183
324 12
325 33
326 100
327 77
328 159
329 98
330 154
331 124
332 158
333 190
334 171
335 140
336 58
337 2
338 35
339 167
340 107
341 163
342 77
343 96
344 93
345 153
346 80
347 12
348 64
349 178
350 93
351 63
352 183
353 182
354 176
355 173
356 106
357 42
358 119
359 11
360 136
361 160
362 79
363 84
364 61
365 46
366 126
367 157
368 100
369 107
370 112
371 203
372 33
373 52
374 114
375 141
376 45
377 59
378 68
379 87
380 18
381 187
382 4
383 7
384 16
385 194
386 168
387 72
388 24
389 79
390 162
391 61
392 82
393 89
394 68
395 101
396 71
397 165
398 88
399 73
400 55
401 21
402 59
403 8
404 6
405 147
406 17
407 3
408 16
409 206
410 135
411 133
412 63
413 56
414 58
415 64
416 185
417 34
418 26
419 174
420 166
421 72
422 114
423 15
424 129
425 29
426 123
427 1
428 91
429 12
430 115
431 158
432 139
433 69
434 134
435 94
436 70
437 62
438 198
439 47
440 122
441 54
442 138
443 147
444 177
445 171
446 146
447 156
448 104
449 207
450 152
451 101
452 121
453 62
454 111
455 156
456 7
457 95
458 102
459 39
460 47
461 197
462 172
463 44
464 97
465 90
466 162
467 204
468 57
469 170
470 87
471 127
472 139
473 87
474 103
475 21
476 72
477 132
478 60
479 1
480 160
481 157
482 132
483 46
484 70
485 82
486 135
487 7
488 8
489 39
490 105
491 35
492 145
493 90
494 137
495 28
496 15
497 148
498 19
499 181
500 92
501 59
502 179
503 141
504 203
505 103
506 138
507 192
508 99
509 86
510 9
511 153
512 30
513 128
514 94
515 76
516 80
517 75
518 180
519 24
520 2
521 57
522 85
523 142
524 36
525 59
526 52
527 136
528 4
529 102
530 1
531 9
532 20
533 17
534 151
535 158
536 29
537 117
538 27
539 112
540 21
541 148
542 9
543 31
544 202
545 184
546 131
547 135
548 179
549 144
550 110
551 123
552 86
553 95
554 23
555 14
556 69
557 40
558 120
559 177
560 5
561 41
562 40
563 34
564 100
565 56
566 208
567 164
568 65
569 77
570 150
571 10
572 8
573 167
574 190
575 48
576 130
577 95
578 60
579 60
580 32
581 126
582 76
583 37
584 70
585 149
586 44
587 62
588 98
589 121
590 104
591 106
592 125
593 116
594 149
595 199
596 99
597 20
598 86
599 128
