600 215 161730 90.0 515 557
0 199
1 111
2 15
3 40
4 80
5 1
6 103
7 54
8 23
9 115
10 22
11 167
12 34
13 39
14 144
15 135
16 7
17 176
18 209
19 51
20 108
21 12
22 207
23 46
24 101
25 31
26 25
27 168
28 20
29 122
30 181
31 33
32 30
33 139
34 47
35 139
36 9
37 26
38 151
39 74
40 196
41 106
42 190
43 143
44 112
45 163
46 74
47 159
48 70
49 17
50 62
51 215
52 27
53 128
54 123
55 39
56 51
57 35
58 65
59 85
60 31
61 53
62 141
63 73
64 13
65 72
66 102
67 183
68 58
69 143
70 118
71 38
72 177
73 118
74 160
75 8
76 30
77 32
78 51
79 148
80 87
81 164
82 201
83 64
84 76
85 79
86 193
87 3
88 63
89 61
90 117
91 172
92 115
93 103
94 21
95 14
96 45
97 56
98 26
99 97
100 133
101 113
102 2
103 4
104 6
105 73
106 127
107 38
108 44
109 132
110 161
111 158
112 148
113 178
114 203
115 84
116 45
117 136
118 29
119 58
120 151
121 67
122 158
123 54
124 30
125 13
126 140
127 77
128 4
129 63
130 88
131 194
132 155
133 149
134 121
135 23
136 81
137 79
138 89
139 179
140 120
141 117
142 57
143 47
144 131
145 152
146 154
147 24
148 109
149 82
150 189
151 48
152 162
153 57
154 92
155 86
156 211
157 45
158 98
159 2
160 133
161 163
162 104
163 117
164 146
165 10
166 154
167 189
168 18
169 36
170 54
171 75
172 187
173 88
174 96
175 57
176 94
177 153
178 65
179 34
180 184
181 169
182 58
183 14
184 165
185 64
186 137
187 88
188 90
189 87
190 3
191 27
192 135
193 87
194 71
195 95
196 73
197 167
198 173
199 125
200 3
201 171
202 127
203 56
204 67
205 156
206 50
207 20
208 77
209 142
210 142
211 157
212 66
213 99
214 26
215 81
216 11
217 181
218 209
219 21
220 78
221 131
222 121
223 76
224 138
225 141
226 107
227 130
228 155
229 170
230 74
231 28
232 70
233 195
234 70
235 171
236 24
237 194
238 159
239 134
240 196
241 180
242 49
243 16
244 64
245 123
246 157
247 18
248 186
249 202
250 92
251 50
252 126
253 156
254 102
255 9
256 89
257 162
258 157
259 41
260 175
261 187
262 5
263 11
264 43
265 63
266 186
267 84
268 136
269 179
270 55
271 47
272 52
273 34
274 142
275 146
276 44
277 132
278 135
279 17
280 11
281 42
282 97
283 75
284 150
285 31
286 122
287 15
288 6
289 197
290 191
291 23
292 86
293 183
294 7
295 112
296 108
297 28
298 98
299 78
300 100
301 116
302 133
303 199
304 35
305 160
306 132
307 95
308 65
309 96
310 39
311 43
312 130
313 103
314 71
315 69
316 44
317 93
318 2
319 62
320 128
321 134
322 102
323 93
324 120
325 79
326 144
327 29
328 113
329 94
330 22
331 200
332 129
333 147
334 66
335 93
336 43
337 101
338 97
339 33
340 28
341 182
342 127
343 188
344 147
345 134
346 7
347 76
348 35
349 48
350 152
351 67
352 82
353 119
354 179
355 36
356 124
357 174
358 191
359 128
360 84
361 121
362 111
363 166
364 80
365 116
366 163
367 94
368 68
369 150
370 176
371 24
372 41
373 200
374 124
375 113
376 154
377 72
378 193
379 178
380 64
381 110
382 85
383 9
384 95
385 59
386 37
387 83
388 85
389 12
390 130
391 153
392 105
393 119
394 61
395 114
396 37
397 156
398 131
399 188
400 42
401 66
402 119
403 172
404 6
405 36
406 149
407 4
408 111
409 66
410 90
411 54
412 164
413 197
414 161
415 101
416 177
417 165
418 6
419 19
420 148
421 83
422 59
423 100
424 92
425 55
426 168
427 60
428 103
429 16
430 167
431 98
432 129
433 114
434 19
435 19
436 90
437 15
438 208
439 13
440 29
441 99
442 127
443 5
444 75
445 185
446 14
447 69
448 17
449 62
450 83
451 33
452 52
453 213
454 81
455 106
456 14
457 53
458 5
459 214
460 123
461 55
462 195
463 206
464 32
465 89
466 41
467 202
468 63
469 56
470 178
471 170
472 137
473 126
474 18
475 10
476 161
477 38
478 25
479 141
480 46
481 50
482 110
483 205
484 190
485 192
486 2
487 31
488 140
489 150
490 129
491 7
492 171
493 107
494 8
495 72
496 71
497 53
498 52
499 60
500 116
501 49
502 20
503 82
504 126
505 18
506 169
507 136
508 185
509 1
510 192
511 68
512 48
513 110
514 180
515 37
516 164
517 59
518 175
519 40
520 104
521 200
522 149
523 135
524 9
525 109
526 22
527 17
528 181
529 69
530 12
531 91
532 184
533 124
534 115
535 27
536 112
537 24
538 40
539 143
540 212
541 105
542 34
543 138
544 13
545 80
546 25
547 108
548 10
549 110
550 155
551 11
552 1
553 42
554 8
555 166
556 78
557 46
558 32
559 106
560 26
561 44
562 101
563 16
564 68
565 139
566 182
567 159
568 147
569 61
570 182
571 204
572 104
573 145
574 42
575 173
576 91
577 109
578 46
579 5
580 1
581 174
582 125
583 86
584 99
585 87
586 58
587 102
588 140
589 62
590 32
591 12
592 198
593 145
594 21
595 3
596 210
597 49
598 118
599 23
