100 6 457 9.0 3 18
0 5
1 4
2 3
3 4
4 2
5 2
6 1
7 5
8 5
9 3
10 4
11 4
12 1
13 1
14 4
15 1
16 2
17 2
18 5
19 6
20 4
21 3
22 3
23 3
24 1
25 2
26 3
27 1
28 2
29 2
30 2
31 2
32 1
33 3
34 1
35 2
36 2
37 1
38 2
39 3
40 2
41 3
42 4
43 3
44 1
45 4
46 3
47 1
48 3
49 6
50 4
51 5
52 1
53 1
54 1
55 2
56 6
57 1
58 4
59 1
60 3
61 5
62 3
63 1
64 2
65 3
66 4
67 3
68 4
69 1
70 4
71 2
72 1
73 1
74 5
75 4
76 5
77 1
78 4
79 3
80 5
81 5
82 2
83 4
84 2
85 2
86 5
87 5
88 5
89 3
90 3
91 2
92 2
93 2
94 4
95 6
96 5
97 5
98 1
99 4
