100 8 505 10.0 4 17
0 2
1 4
2 2
3 6
4 5
5 3
6 2
7 4
8 1
9 1
10 6
11 8
12 2
13 3
14 5
15 6
16 3
17 3
18 3
19 2
20 3
21 3
22 1
23 4
24 6
25 2
26 1
27 1
28 4
29 3
30 2
31 5
32 5
33 1
34 3
35 4
36 1
37 1
38 3
39 3
40 2
41 4
42 1
43 5
44 2
45 4
46 4
47 5
48 5
49 1
50 2
51 1
52 7
53 1
54 2
55 2
56 5
57 2
58 5
59 6
60 2
61 1
62 4
63 1
64 4
65 4
66 1
67 1
68 2
69 2
70 8
71 3
72 1
73 1
74 2
75 2
76 2
77 1
78 6
79 3
80 2
81 4
82 6
83 4
84 3
85 6
86 7
87 1
88 4
89 1
90 1
91 2
92 1
93 1
94 8
95 7
96 1
97 1
98 1
99 5
