100 7 457 9.0 3 18
0 6
1 4
2 5
3 1
4 3
5 2
6 2
7 1
8 1
9 6
10 4
11 1
12 3
13 1
14 4
15 1
16 1
17 1
18 2
19 5
20 4
21 3
22 2
23 5
24 4
25 1
26 3
27 2
28 1
29 3
30 3
31 3
32 2
33 2
34 4
35 1
36 3
37 4
38 4
39 5
40 1
41 3
42 2
43 2
44 1
45 2
46 3
47 2
48 2
49 2
50 4
51 6
52 4
53 5
54 2
55 1
56 3
57 1
58 3
59 2
60 4
61 2
62 3
63 1
64 3
65 4
66 1
67 1
68 1
69 4
70 1
71 4
72 5
73 2
74 4
75 2
76 7
77 5
78 4
79 1
80 3
81 1
82 6
83 3
84 1
85 1
86 3
87 3
88 2
89 2
90 5
91 3
92 1
93 2
94 4
95 2
96 5
97 3
98 5
99 3
